<?xml version="1.0" encoding="UTF-8"?>
<testsuite name="com.prueba.runners.RegistroRunner" tests="0" skipped="0" failures="0" errors="0" timestamp="1970-01-01T00:00:00" hostname="DESKTOP-I0C78UK" time="0.0">
  <properties/>
  <system-out><![CDATA[Feature from file:///D:/wolox/src/test/resources/com/prueba/features/registro.feature

?[31mFailed scenarios:?[0m
?[31mfile:///D:/wolox/src/test/resources/com/prueba/features/registro.feature:16?[0m# Validar ingreso de valores numericos

7 Scenarios (?[31m1 failed?[0m, ?[32m6 passed?[0m)
21 Steps (?[31m1 failed?[0m, ?[32m20 passed?[0m)
0m6.628s


java.lang.AssertionError: 1 expectation failed.
Expected status code <400> but was <201>.

	at net.serenitybdd.screenplay.ErrorTally.throwSummaryExceptionFrom(ErrorTally.java:36)
	at net.serenitybdd.screenplay.ErrorTally.reportAnyErrors(ErrorTally.java:30)
	at net.serenitybdd.screenplay.Actor.should(Actor.java:316)
	at com.prueba.stepdefinitions.RegistroStepDefinition.noSeDeberiaCrearElUsuario(RegistroStepDefinition.java:71)
	at ✽.No se deberia crear el usuario(file:///D:/wolox/src/test/resources/com/prueba/features/registro.feature:19)


]]></system-out>
  <system-err><![CDATA[[Test worker] WARN io.cucumber.junit.CucumberSerenityRunner - By default Cucumber is running in --non-strict mode.
This default will change to --strict and --non-strict will be removed.
You can use --strict or @CucumberOptions(strict = true) to suppress this warning
[Test worker] INFO  - 

-------------------------------------------------------------------------------------
     _______. _______ .______       _______ .__   __.  __  .___________.____    ____ 
    /       ||   ____||   _  \     |   ____||  \ |  | |  | |           |\   \  /   / 
   |   (----`|  |__   |  |_)  |    |  |__   |   \|  | |  | `---|  |----` \   \/   /  
    \   \    |   __|  |      /     |   __|  |  . `  | |  |     |  |       \_    _/   
.----)   |   |  |____ |  |\  \----.|  |____ |  |\   | |  |     |  |         |  |     
|_______/    |_______|| _| `._____||_______||__| \__| |__|     |__|         |__|    
                                                                                     
 News and tutorials at http://www.serenity-bdd.info                                  
 Documentation at https://wakaleo.gitbooks.io/the-serenity-book/content/             
 Join the Serenity Community on Gitter: https://gitter.im/serenity-bdd/serenity-core 
 Serenity BDD Support and Training at http://serenity-bdd.info/#/trainingandsupport  
 Learn Serenity BDD online at https://www.serenitydojo.net                           
-------------------------------------------------------------------------------------

[Test worker] INFO  - Test Suite Started: Validar endpoint de registros
]]></system-err>
</testsuite>
