<?xml version="1.0" encoding="UTF-8"?>
<testsuite name="com.prueba.runners.LoginRunner" tests="0" skipped="0" failures="0" errors="0" timestamp="1970-01-01T00:00:00" hostname="DESKTOP-I0C78UK" time="0.0">
  <properties/>
  <system-out><![CDATA[Feature from file:///D:/wolox/src/test/resources/com/prueba/features/login.feature

?[31mFailed scenarios:?[0m
?[31mfile:///D:/wolox/src/test/resources/com/prueba/features/login.feature:43?[0m# squema
?[31mfile:///D:/wolox/src/test/resources/com/prueba/features/login.feature:44?[0m# squema

6 Scenarios (?[31m2 failed?[0m, ?[32m4 passed?[0m)
18 Steps (?[31m2 failed?[0m, ?[32m16 passed?[0m)
0m6.394s


java.lang.AssertionError: 1 expectation failed.
Response body doesn't match expectation.
Expected: The content to match the given JSON schema.
warning: the following keywords are unknown and will be ignored: [$id, examples]
    level: "warning"
    schema: {"loadingURI":"file:/D:/wolox/build/resources/test/loginSchema.json#","pointer":""}
    domain: "syntax"
    ignored: ["$id","examples"]
warning: the following keywords are unknown and will be ignored: [$id, examples]
    level: "warning"
    schema: {"loadingURI":"file:/D:/wolox/build/resources/test/loginSchema.json#","pointer":"/properties/token_expires_at"}
    domain: "syntax"
    ignored: ["$id","examples"]
warning: the following keywords are unknown and will be ignored: [$id, examples]
    level: "warning"
    schema: {"loadingURI":"file:/D:/wolox/build/resources/test/loginSchema.json#","pointer":"/properties/user_id"}
    domain: "syntax"
    ignored: ["$id","examples"]
warning: the following keywords are unknown and will be ignored: [$id, examples]
    level: "warning"
    schema: {"loadingURI":"file:/D:/wolox/build/resources/test/loginSchema.json#","pointer":"/properties/token_expires_at"}
    domain: "syntax"
    ignored: ["$id","examples"]
error: instance type (string) does not match any allowed primitive type (allowed: ["integer","number"])
    level: "error"
    schema: {"loadingURI":"file:/D:/wolox/build/resources/test/loginSchema.json#","pointer":"/properties/token_expires_at"}
    instance: {"pointer":"/token_expires_at"}
    domain: "validation"
    keyword: "type"
    found: "string"
    expected: ["integer","number"]
warning: the following keywords are unknown and will be ignored: [$id, examples]
    level: "warning"
    schema: {"loadingURI":"file:/D:/wolox/build/resources/test/loginSchema.json#","pointer":"/properties/user_id"}
    domain: "syntax"
    ignored: ["$id","examples"]

  Actual: {"user_id":146,"token_expires_at":"1617346348.206"}

	at net.serenitybdd.screenplay.ErrorTally.throwSummaryExceptionFrom(ErrorTally.java:36)
	at net.serenitybdd.screenplay.ErrorTally.reportAnyErrors(ErrorTally.java:30)
	at net.serenitybdd.screenplay.Actor.should(Actor.java:316)
	at com.prueba.stepdefinitions.LoginStepDefinition.validoElEsquemaDelResponse(LoginStepDefinition.java:37)
	at ✽.valido el esquema del response(file:///D:/wolox/src/test/resources/com/prueba/features/login.feature:39)

java.lang.AssertionError: 1 expectation failed.
Response body doesn't match expectation.
Expected: The content to match the given JSON schema.
warning: the following keywords are unknown and will be ignored: [$id, examples]
    level: "warning"
    schema: {"loadingURI":"file:/D:/wolox/build/resources/test/loginSchema.json#","pointer":""}
    domain: "syntax"
    ignored: ["$id","examples"]
warning: the following keywords are unknown and will be ignored: [$id, examples]
    level: "warning"
    schema: {"loadingURI":"file:/D:/wolox/build/resources/test/loginSchema.json#","pointer":"/properties/token_expires_at"}
    domain: "syntax"
    ignored: ["$id","examples"]
warning: the following keywords are unknown and will be ignored: [$id, examples]
    level: "warning"
    schema: {"loadingURI":"file:/D:/wolox/build/resources/test/loginSchema.json#","pointer":"/properties/user_id"}
    domain: "syntax"
    ignored: ["$id","examples"]
warning: the following keywords are unknown and will be ignored: [$id, examples]
    level: "warning"
    schema: {"loadingURI":"file:/D:/wolox/build/resources/test/loginSchema.json#","pointer":"/properties/token_expires_at"}
    domain: "syntax"
    ignored: ["$id","examples"]
error: instance type (string) does not match any allowed primitive type (allowed: ["integer","number"])
    level: "error"
    schema: {"loadingURI":"file:/D:/wolox/build/resources/test/loginSchema.json#","pointer":"/properties/token_expires_at"}
    instance: {"pointer":"/token_expires_at"}
    domain: "validation"
    keyword: "type"
    found: "string"
    expected: ["integer","number"]
warning: the following keywords are unknown and will be ignored: [$id, examples]
    level: "warning"
    schema: {"loadingURI":"file:/D:/wolox/build/resources/test/loginSchema.json#","pointer":"/properties/user_id"}
    domain: "syntax"
    ignored: ["$id","examples"]

  Actual: {"user_id":147,"token_expires_at":"1617346349.116"}

	at net.serenitybdd.screenplay.ErrorTally.throwSummaryExceptionFrom(ErrorTally.java:36)
	at net.serenitybdd.screenplay.ErrorTally.reportAnyErrors(ErrorTally.java:30)
	at net.serenitybdd.screenplay.Actor.should(Actor.java:316)
	at com.prueba.stepdefinitions.LoginStepDefinition.validoElEsquemaDelResponse(LoginStepDefinition.java:37)
	at ✽.valido el esquema del response(file:///D:/wolox/src/test/resources/com/prueba/features/login.feature:39)


]]></system-out>
  <system-err><![CDATA[[Test worker] WARN io.cucumber.junit.CucumberSerenityRunner - By default Cucumber is running in --non-strict mode.
This default will change to --strict and --non-strict will be removed.
You can use --strict or @CucumberOptions(strict = true) to suppress this warning
[Test worker] INFO  - 

-------------------------------------------------------------------------------------
     _______. _______ .______       _______ .__   __.  __  .___________.____    ____ 
    /       ||   ____||   _  \     |   ____||  \ |  | |  | |           |\   \  /   / 
   |   (----`|  |__   |  |_)  |    |  |__   |   \|  | |  | `---|  |----` \   \/   /  
    \   \    |   __|  |      /     |   __|  |  . `  | |  |     |  |       \_    _/   
.----)   |   |  |____ |  |\  \----.|  |____ |  |\   | |  |     |  |         |  |     
|_______/    |_______|| _| `._____||_______||__| \__| |__|     |__|         |__|    
                                                                                     
 News and tutorials at http://www.serenity-bdd.info                                  
 Documentation at https://wakaleo.gitbooks.io/the-serenity-book/content/             
 Join the Serenity Community on Gitter: https://gitter.im/serenity-bdd/serenity-core 
 Serenity BDD Support and Training at http://serenity-bdd.info/#/trainingandsupport  
 Learn Serenity BDD online at https://www.serenitydojo.net                           
-------------------------------------------------------------------------------------

[Test worker] INFO  - Test Suite Started: Validar endpoint del login
]]></system-err>
</testsuite>
