<?xml version="1.0" encoding="UTF-8"?>
<testsuite name="Validar endpoint del login" tests="6" skipped="0" failures="2" errors="0" timestamp="2021-04-02T06:22:34" hostname="DESKTOP-I0C78UK" time="6.203">
  <properties/>
  <testcase name=": Consumir login como usuario administrador correctmante" classname="Validar endpoint del login" time="2.908"/>
  <testcase name=": Consumir login como usuario regular correctmante" classname="Validar endpoint del login" time="0.567"/>
  <testcase name="Validar header response" classname="Validar endpoint del login" time="0.671"/>
  <testcase name="Validar header response" classname="Validar endpoint del login" time="0.573"/>
  <testcase name="squema" classname="Validar endpoint del login" time="0.875">
    <failure message="java.lang.AssertionError: 1 expectation failed.&#10;Response body doesn't match expectation.&#10;Expected: The content to match the given JSON schema.&#10;warning: the following keywords are unknown and will be ignored: [$id, examples]&#10;    level: &quot;warning&quot;&#10;    schema: {&quot;loadingURI&quot;:&quot;file:/D:/wolox/build/resources/test/loginSchema.json#&quot;,&quot;pointer&quot;:&quot;&quot;}&#10;    domain: &quot;syntax&quot;&#10;    ignored: [&quot;$id&quot;,&quot;examples&quot;]&#10;warning: the following keywords are unknown and will be ignored: [$id, examples]&#10;    level: &quot;warning&quot;&#10;    schema: {&quot;loadingURI&quot;:&quot;file:/D:/wolox/build/resources/test/loginSchema.json#&quot;,&quot;pointer&quot;:&quot;/properties/token_expires_at&quot;}&#10;    domain: &quot;syntax&quot;&#10;    ignored: [&quot;$id&quot;,&quot;examples&quot;]&#10;warning: the following keywords are unknown and will be ignored: [$id, examples]&#10;    level: &quot;warning&quot;&#10;    schema: {&quot;loadingURI&quot;:&quot;file:/D:/wolox/build/resources/test/loginSchema.json#&quot;,&quot;pointer&quot;:&quot;/properties/user_id&quot;}&#10;    domain: &quot;syntax&quot;&#10;    ignored: [&quot;$id&quot;,&quot;examples&quot;]&#10;warning: the following keywords are unknown and will be ignored: [$id, examples]&#10;    level: &quot;warning&quot;&#10;    schema: {&quot;loadingURI&quot;:&quot;file:/D:/wolox/build/resources/test/loginSchema.json#&quot;,&quot;pointer&quot;:&quot;/properties/token_expires_at&quot;}&#10;    domain: &quot;syntax&quot;&#10;    ignored: [&quot;$id&quot;,&quot;examples&quot;]&#10;error: instance type (string) does not match any allowed primitive type (allowed: [&quot;integer&quot;,&quot;number&quot;])&#10;    level: &quot;error&quot;&#10;    schema: {&quot;loadingURI&quot;:&quot;file:/D:/wolox/build/resources/test/loginSchema.json#&quot;,&quot;pointer&quot;:&quot;/properties/token_expires_at&quot;}&#10;    instance: {&quot;pointer&quot;:&quot;/token_expires_at&quot;}&#10;    domain: &quot;validation&quot;&#10;    keyword: &quot;type&quot;&#10;    found: &quot;string&quot;&#10;    expected: [&quot;integer&quot;,&quot;number&quot;]&#10;warning: the following keywords are unknown and will be ignored: [$id, examples]&#10;    level: &quot;warning&quot;&#10;    schema: {&quot;loadingURI&quot;:&quot;file:/D:/wolox/build/resources/test/loginSchema.json#&quot;,&quot;pointer&quot;:&quot;/properties/user_id&quot;}&#10;    domain: &quot;syntax&quot;&#10;    ignored: [&quot;$id&quot;,&quot;examples&quot;]&#10;&#10;  Actual: {&quot;user_id&quot;:146,&quot;token_expires_at&quot;:&quot;1617346348.206&quot;}&#10;" type="java.lang.AssertionError">java.lang.AssertionError: 1 expectation failed.
Response body doesn't match expectation.
Expected: The content to match the given JSON schema.
warning: the following keywords are unknown and will be ignored: [$id, examples]
    level: &quot;warning&quot;
    schema: {&quot;loadingURI&quot;:&quot;file:/D:/wolox/build/resources/test/loginSchema.json#&quot;,&quot;pointer&quot;:&quot;&quot;}
    domain: &quot;syntax&quot;
    ignored: [&quot;$id&quot;,&quot;examples&quot;]
warning: the following keywords are unknown and will be ignored: [$id, examples]
    level: &quot;warning&quot;
    schema: {&quot;loadingURI&quot;:&quot;file:/D:/wolox/build/resources/test/loginSchema.json#&quot;,&quot;pointer&quot;:&quot;/properties/token_expires_at&quot;}
    domain: &quot;syntax&quot;
    ignored: [&quot;$id&quot;,&quot;examples&quot;]
warning: the following keywords are unknown and will be ignored: [$id, examples]
    level: &quot;warning&quot;
    schema: {&quot;loadingURI&quot;:&quot;file:/D:/wolox/build/resources/test/loginSchema.json#&quot;,&quot;pointer&quot;:&quot;/properties/user_id&quot;}
    domain: &quot;syntax&quot;
    ignored: [&quot;$id&quot;,&quot;examples&quot;]
warning: the following keywords are unknown and will be ignored: [$id, examples]
    level: &quot;warning&quot;
    schema: {&quot;loadingURI&quot;:&quot;file:/D:/wolox/build/resources/test/loginSchema.json#&quot;,&quot;pointer&quot;:&quot;/properties/token_expires_at&quot;}
    domain: &quot;syntax&quot;
    ignored: [&quot;$id&quot;,&quot;examples&quot;]
error: instance type (string) does not match any allowed primitive type (allowed: [&quot;integer&quot;,&quot;number&quot;])
    level: &quot;error&quot;
    schema: {&quot;loadingURI&quot;:&quot;file:/D:/wolox/build/resources/test/loginSchema.json#&quot;,&quot;pointer&quot;:&quot;/properties/token_expires_at&quot;}
    instance: {&quot;pointer&quot;:&quot;/token_expires_at&quot;}
    domain: &quot;validation&quot;
    keyword: &quot;type&quot;
    found: &quot;string&quot;
    expected: [&quot;integer&quot;,&quot;number&quot;]
warning: the following keywords are unknown and will be ignored: [$id, examples]
    level: &quot;warning&quot;
    schema: {&quot;loadingURI&quot;:&quot;file:/D:/wolox/build/resources/test/loginSchema.json#&quot;,&quot;pointer&quot;:&quot;/properties/user_id&quot;}
    domain: &quot;syntax&quot;
    ignored: [&quot;$id&quot;,&quot;examples&quot;]

  Actual: {&quot;user_id&quot;:146,&quot;token_expires_at&quot;:&quot;1617346348.206&quot;}

	at net.serenitybdd.screenplay.ErrorTally.throwSummaryExceptionFrom(ErrorTally.java:36)
	at net.serenitybdd.screenplay.ErrorTally.reportAnyErrors(ErrorTally.java:30)
	at net.serenitybdd.screenplay.Actor.should(Actor.java:316)
	at com.prueba.stepdefinitions.LoginStepDefinition.validoElEsquemaDelResponse(LoginStepDefinition.java:37)
	at ✽.valido el esquema del response(file:///D:/wolox/src/test/resources/com/prueba/features/login.feature:39)
</failure>
  </testcase>
  <testcase name="squema" classname="Validar endpoint del login" time="0.609">
    <failure message="java.lang.AssertionError: 1 expectation failed.&#10;Response body doesn't match expectation.&#10;Expected: The content to match the given JSON schema.&#10;warning: the following keywords are unknown and will be ignored: [$id, examples]&#10;    level: &quot;warning&quot;&#10;    schema: {&quot;loadingURI&quot;:&quot;file:/D:/wolox/build/resources/test/loginSchema.json#&quot;,&quot;pointer&quot;:&quot;&quot;}&#10;    domain: &quot;syntax&quot;&#10;    ignored: [&quot;$id&quot;,&quot;examples&quot;]&#10;warning: the following keywords are unknown and will be ignored: [$id, examples]&#10;    level: &quot;warning&quot;&#10;    schema: {&quot;loadingURI&quot;:&quot;file:/D:/wolox/build/resources/test/loginSchema.json#&quot;,&quot;pointer&quot;:&quot;/properties/token_expires_at&quot;}&#10;    domain: &quot;syntax&quot;&#10;    ignored: [&quot;$id&quot;,&quot;examples&quot;]&#10;warning: the following keywords are unknown and will be ignored: [$id, examples]&#10;    level: &quot;warning&quot;&#10;    schema: {&quot;loadingURI&quot;:&quot;file:/D:/wolox/build/resources/test/loginSchema.json#&quot;,&quot;pointer&quot;:&quot;/properties/user_id&quot;}&#10;    domain: &quot;syntax&quot;&#10;    ignored: [&quot;$id&quot;,&quot;examples&quot;]&#10;warning: the following keywords are unknown and will be ignored: [$id, examples]&#10;    level: &quot;warning&quot;&#10;    schema: {&quot;loadingURI&quot;:&quot;file:/D:/wolox/build/resources/test/loginSchema.json#&quot;,&quot;pointer&quot;:&quot;/properties/token_expires_at&quot;}&#10;    domain: &quot;syntax&quot;&#10;    ignored: [&quot;$id&quot;,&quot;examples&quot;]&#10;error: instance type (string) does not match any allowed primitive type (allowed: [&quot;integer&quot;,&quot;number&quot;])&#10;    level: &quot;error&quot;&#10;    schema: {&quot;loadingURI&quot;:&quot;file:/D:/wolox/build/resources/test/loginSchema.json#&quot;,&quot;pointer&quot;:&quot;/properties/token_expires_at&quot;}&#10;    instance: {&quot;pointer&quot;:&quot;/token_expires_at&quot;}&#10;    domain: &quot;validation&quot;&#10;    keyword: &quot;type&quot;&#10;    found: &quot;string&quot;&#10;    expected: [&quot;integer&quot;,&quot;number&quot;]&#10;warning: the following keywords are unknown and will be ignored: [$id, examples]&#10;    level: &quot;warning&quot;&#10;    schema: {&quot;loadingURI&quot;:&quot;file:/D:/wolox/build/resources/test/loginSchema.json#&quot;,&quot;pointer&quot;:&quot;/properties/user_id&quot;}&#10;    domain: &quot;syntax&quot;&#10;    ignored: [&quot;$id&quot;,&quot;examples&quot;]&#10;&#10;  Actual: {&quot;user_id&quot;:147,&quot;token_expires_at&quot;:&quot;1617346349.116&quot;}&#10;" type="java.lang.AssertionError">java.lang.AssertionError: 1 expectation failed.
Response body doesn't match expectation.
Expected: The content to match the given JSON schema.
warning: the following keywords are unknown and will be ignored: [$id, examples]
    level: &quot;warning&quot;
    schema: {&quot;loadingURI&quot;:&quot;file:/D:/wolox/build/resources/test/loginSchema.json#&quot;,&quot;pointer&quot;:&quot;&quot;}
    domain: &quot;syntax&quot;
    ignored: [&quot;$id&quot;,&quot;examples&quot;]
warning: the following keywords are unknown and will be ignored: [$id, examples]
    level: &quot;warning&quot;
    schema: {&quot;loadingURI&quot;:&quot;file:/D:/wolox/build/resources/test/loginSchema.json#&quot;,&quot;pointer&quot;:&quot;/properties/token_expires_at&quot;}
    domain: &quot;syntax&quot;
    ignored: [&quot;$id&quot;,&quot;examples&quot;]
warning: the following keywords are unknown and will be ignored: [$id, examples]
    level: &quot;warning&quot;
    schema: {&quot;loadingURI&quot;:&quot;file:/D:/wolox/build/resources/test/loginSchema.json#&quot;,&quot;pointer&quot;:&quot;/properties/user_id&quot;}
    domain: &quot;syntax&quot;
    ignored: [&quot;$id&quot;,&quot;examples&quot;]
warning: the following keywords are unknown and will be ignored: [$id, examples]
    level: &quot;warning&quot;
    schema: {&quot;loadingURI&quot;:&quot;file:/D:/wolox/build/resources/test/loginSchema.json#&quot;,&quot;pointer&quot;:&quot;/properties/token_expires_at&quot;}
    domain: &quot;syntax&quot;
    ignored: [&quot;$id&quot;,&quot;examples&quot;]
error: instance type (string) does not match any allowed primitive type (allowed: [&quot;integer&quot;,&quot;number&quot;])
    level: &quot;error&quot;
    schema: {&quot;loadingURI&quot;:&quot;file:/D:/wolox/build/resources/test/loginSchema.json#&quot;,&quot;pointer&quot;:&quot;/properties/token_expires_at&quot;}
    instance: {&quot;pointer&quot;:&quot;/token_expires_at&quot;}
    domain: &quot;validation&quot;
    keyword: &quot;type&quot;
    found: &quot;string&quot;
    expected: [&quot;integer&quot;,&quot;number&quot;]
warning: the following keywords are unknown and will be ignored: [$id, examples]
    level: &quot;warning&quot;
    schema: {&quot;loadingURI&quot;:&quot;file:/D:/wolox/build/resources/test/loginSchema.json#&quot;,&quot;pointer&quot;:&quot;/properties/user_id&quot;}
    domain: &quot;syntax&quot;
    ignored: [&quot;$id&quot;,&quot;examples&quot;]

  Actual: {&quot;user_id&quot;:147,&quot;token_expires_at&quot;:&quot;1617346349.116&quot;}

	at net.serenitybdd.screenplay.ErrorTally.throwSummaryExceptionFrom(ErrorTally.java:36)
	at net.serenitybdd.screenplay.ErrorTally.reportAnyErrors(ErrorTally.java:30)
	at net.serenitybdd.screenplay.Actor.should(Actor.java:316)
	at com.prueba.stepdefinitions.LoginStepDefinition.validoElEsquemaDelResponse(LoginStepDefinition.java:37)
	at ✽.valido el esquema del response(file:///D:/wolox/src/test/resources/com/prueba/features/login.feature:39)
</failure>
  </testcase>
  <system-out><![CDATA[Feature from file:///D:/wolox/src/test/resources/com/prueba/features/login.feature
Step argument class io.cucumber.core.gherkin.vintage.GherkinVintageDataTableArgument
Feature from file:///D:/wolox/src/test/resources/com/prueba/features/login.feature
Step argument class io.cucumber.core.gherkin.vintage.GherkinVintageDataTableArgument
Feature from file:///D:/wolox/src/test/resources/com/prueba/features/login.feature
Step argument class io.cucumber.core.gherkin.vintage.GherkinVintageDataTableArgument
Feature from file:///D:/wolox/src/test/resources/com/prueba/features/login.feature
Step argument class io.cucumber.core.gherkin.vintage.GherkinVintageDataTableArgument
Feature from file:///D:/wolox/src/test/resources/com/prueba/features/login.feature
Step argument class io.cucumber.core.gherkin.vintage.GherkinVintageDataTableArgument
Feature from file:///D:/wolox/src/test/resources/com/prueba/features/login.feature
Step argument class io.cucumber.core.gherkin.vintage.GherkinVintageDataTableArgument
]]></system-out>
  <system-err><![CDATA[[Test worker] INFO  - 
 _____ _____ ____ _____   ____ _____  _    ____ _____ _____ ____  
|_   _| ____/ ___|_   _| / ___|_   _|/ \  |  _ \_   _| ____|  _ \ 
  | | |  _| \___ \ | |   \___ \ | | / _ \ | |_) || | |  _| | | | |
  | | | |___ ___) || |    ___) || |/ ___ \|  _ < | | | |___| |_| |
  |_| |_____|____/ |_|   |____/ |_/_/   \_\_| \_\|_| |_____|____/ 

: Consumir login como <nombreEscenario> correctmante(validar-endpoint-del-login;:-consumir-login-como-<nombreescenario>-correctmante)
-------------------------------------------------------------------
[Test worker] INFO  - 
        __    _____ _____ ____ _____   ____   _    ____  ____  _____ ____  
  _     \ \  |_   _| ____/ ___|_   _| |  _ \ / \  / ___|/ ___|| ____|  _ \ 
 (_)_____| |   | | |  _| \___ \ | |   | |_) / _ \ \___ \\___ \|  _| | | | |
  _|_____| |   | | | |___ ___) || |   |  __/ ___ \ ___) |___) | |___| |_| |
 (_)     | |   |_| |_____|____/ |_|   |_| /_/   \_\____/|____/|_____|____/ 
        /_/                                                                

: Consumir login como <nombreEscenario> correctmante
----------------------------------------------------------------------------
[Test worker] INFO  - 
        __    _____ _____ ____ _____   ____   _    ____  ____  _____ ____  
  _     \ \  |_   _| ____/ ___|_   _| |  _ \ / \  / ___|/ ___|| ____|  _ \ 
 (_)_____| |   | | |  _| \___ \ | |   | |_) / _ \ \___ \\___ \|  _| | | | |
  _|_____| |   | | | |___ ___) || |   |  __/ ___ \ ___) |___) | |___| |_| |
 (_)     | |   |_| |_____|____/ |_|   |_| /_/   \_\____/|____/|_____|____/ 
        /_/                                                                

: Consumir login como <nombreEscenario> correctmante
----------------------------------------------------------------------------
[Test worker] INFO  - 
 _____ _____ ____ _____   ____ _____  _    ____ _____ _____ ____  
|_   _| ____/ ___|_   _| / ___|_   _|/ \  |  _ \_   _| ____|  _ \ 
  | | |  _| \___ \ | |   \___ \ | | / _ \ | |_) || | |  _| | | | |
  | | | |___ ___) || |    ___) || |/ ___ \|  _ < | | | |___| |_| |
  |_| |_____|____/ |_|   |____/ |_/_/   \_\_| \_\|_| |_____|____/ 

Validar header response(validar-endpoint-del-login;validar-header-response)
-------------------------------------------------------------------
[Test worker] INFO  - 
        __    _____ _____ ____ _____   ____   _    ____  ____  _____ ____  
  _     \ \  |_   _| ____/ ___|_   _| |  _ \ / \  / ___|/ ___|| ____|  _ \ 
 (_)_____| |   | | |  _| \___ \ | |   | |_) / _ \ \___ \\___ \|  _| | | | |
  _|_____| |   | | | |___ ___) || |   |  __/ ___ \ ___) |___) | |___| |_| |
 (_)     | |   |_| |_____|____/ |_|   |_| /_/   \_\____/|____/|_____|____/ 
        /_/                                                                

Validar header response
----------------------------------------------------------------------------
[Test worker] INFO  - 
        __    _____ _____ ____ _____   ____   _    ____  ____  _____ ____  
  _     \ \  |_   _| ____/ ___|_   _| |  _ \ / \  / ___|/ ___|| ____|  _ \ 
 (_)_____| |   | | |  _| \___ \ | |   | |_) / _ \ \___ \\___ \|  _| | | | |
  _|_____| |   | | | |___ ___) || |   |  __/ ___ \ ___) |___) | |___| |_| |
 (_)     | |   |_| |_____|____/ |_|   |_| /_/   \_\____/|____/|_____|____/ 
        /_/                                                                

Validar header response
----------------------------------------------------------------------------
[Test worker] INFO  - 
 _____ _____ ____ _____   ____ _____  _    ____ _____ _____ ____  
|_   _| ____/ ___|_   _| / ___|_   _|/ \  |  _ \_   _| ____|  _ \ 
  | | |  _| \___ \ | |   \___ \ | | / _ \ | |_) || | |  _| | | | |
  | | | |___ ___) || |    ___) || |/ ___ \|  _ < | | | |___| |_| |
  |_| |_____|____/ |_|   |____/ |_/_/   \_\_| \_\|_| |_____|____/ 

squema(validar-endpoint-del-login;squema)
-------------------------------------------------------------------
[Test worker] ERROR  - 
           __  _____ _____ ____ _____   _____ _    ___ _     _____ ____  
  _       / / |_   _| ____/ ___|_   _| |  ___/ \  |_ _| |   | ____|  _ \ 
 (_)_____| |    | | |  _| \___ \ | |   | |_ / _ \  | || |   |  _| | | | |
  _|_____| |    | | | |___ ___) || |   |  _/ ___ \ | || |___| |___| |_| |
 (_)     | |    |_| |_____|____/ |_|   |_|/_/   \_\___|_____|_____|____/ 
          \_\                                                            

Squema
--------------------------------------------------------------------------
[Test worker] ERROR  -     Test failed at step: A valid response is returned
[Test worker] ERROR  -     1 expectation failed.Response body doesn't match expectation.Expected: The content to match the given JSON schema.warning: the following keywords are unknown and will be ignored: [$id, examples]    level: "warning"    schema: {"loadingURI":"file:/D:/wolox/build/resources/test/loginSchema.json#","pointer":""}    domain: "syntax"    ignored: ["$id","examples"]warning: the following keywords are unknown and will be ignored: [$id, examples]    level: "warning"    schema: {"loadingURI":"file:/D:/wolox/build/resources/test/loginSchema.json#","pointer":"/properties/token_expires_at"}    domain: "syntax"    ignored: ["$id","examples"]warning: the following keywords are unknown and will be ignored: [$id, examples]    level: "warning"    schema: {"loadingURI":"file:/D:/wolox/build/resources/test/loginSchema.json#","pointer":"/properties/user_id"}    domain: "syntax"    ignored: ["$id","examples"]warning: the following keywords are unknown and will be ignored: [$id, examples]    level: "warning"    schema: {"loadingURI":"file:/D:/wolox/build/resources/test/loginSchema.json#","pointer":"/properties/token_expires_at"}    domain: "syntax"    ignored: ["$id","examples"]error: instance type (string) does not match any allowed primitive type (allowed: ["integer","number"])    level: "error"    schema: {"loadingURI":"file:/D:/wolox/build/resources/test/loginSchema.json#","pointer":"/properties/token_expires_at"}    instance: {"pointer":"/token_expires_at"}    domain: "validation"    keyword: "type"    found: "string"    expected: ["integer","number"]warning: the following keywords are unknown and will be ignored: [$id, examples]    level: "warning"    schema: {"loadingURI":"file:/D:/wolox/build/resources/test/loginSchema.json#","pointer":"/properties/user_id"}    domain: "syntax"    ignored: ["$id","examples"]  Actual: {"user_id":146,"token_expires_at":"1617346348.206"}
[Test worker] ERROR  - 
           __  _____ _____ ____ _____   _____ _    ___ _     _____ ____  
  _       / / |_   _| ____/ ___|_   _| |  ___/ \  |_ _| |   | ____|  _ \ 
 (_)_____| |    | | |  _| \___ \ | |   | |_ / _ \  | || |   |  _| | | | |
  _|_____| |    | | | |___ ___) || |   |  _/ ___ \ | || |___| |___| |_| |
 (_)     | |    |_| |_____|____/ |_|   |_|/_/   \_\___|_____|_____|____/ 
          \_\                                                            

Squema
--------------------------------------------------------------------------
[Test worker] ERROR  -     Test failed at step: A valid response is returned
[Test worker] ERROR  -     1 expectation failed.Response body doesn't match expectation.Expected: The content to match the given JSON schema.warning: the following keywords are unknown and will be ignored: [$id, examples]    level: "warning"    schema: {"loadingURI":"file:/D:/wolox/build/resources/test/loginSchema.json#","pointer":""}    domain: "syntax"    ignored: ["$id","examples"]warning: the following keywords are unknown and will be ignored: [$id, examples]    level: "warning"    schema: {"loadingURI":"file:/D:/wolox/build/resources/test/loginSchema.json#","pointer":"/properties/token_expires_at"}    domain: "syntax"    ignored: ["$id","examples"]warning: the following keywords are unknown and will be ignored: [$id, examples]    level: "warning"    schema: {"loadingURI":"file:/D:/wolox/build/resources/test/loginSchema.json#","pointer":"/properties/user_id"}    domain: "syntax"    ignored: ["$id","examples"]warning: the following keywords are unknown and will be ignored: [$id, examples]    level: "warning"    schema: {"loadingURI":"file:/D:/wolox/build/resources/test/loginSchema.json#","pointer":"/properties/token_expires_at"}    domain: "syntax"    ignored: ["$id","examples"]error: instance type (string) does not match any allowed primitive type (allowed: ["integer","number"])    level: "error"    schema: {"loadingURI":"file:/D:/wolox/build/resources/test/loginSchema.json#","pointer":"/properties/token_expires_at"}    instance: {"pointer":"/token_expires_at"}    domain: "validation"    keyword: "type"    found: "string"    expected: ["integer","number"]warning: the following keywords are unknown and will be ignored: [$id, examples]    level: "warning"    schema: {"loadingURI":"file:/D:/wolox/build/resources/test/loginSchema.json#","pointer":"/properties/user_id"}    domain: "syntax"    ignored: ["$id","examples"]  Actual: {"user_id":146,"token_expires_at":"1617346348.206"}
]]></system-err>
</testsuite>
