<?xml version="1.0" encoding="UTF-8"?>
<testsuite name="Validar endpoint de invalidar sesion" tests="2" skipped="0" failures="1" errors="0" timestamp="2021-04-04T15:17:11" hostname="DESKTOP-I0C78UK" time="2.453">
  <properties/>
  <testcase name="invalidar otros usuarios como usuario administrador" classname="Validar endpoint de invalidar sesion" time="1.194"/>
  <testcase name="invalidar otros usuarios como usuario regular" classname="Validar endpoint de invalidar sesion" time="1.259">
    <failure message="java.lang.AssertionError: 1 expectation failed.&#10;Expected status code &lt;422&gt; but was &lt;200&gt;.&#10;" type="java.lang.AssertionError">java.lang.AssertionError: 1 expectation failed.
Expected status code &lt;422&gt; but was &lt;200&gt;.

	at net.serenitybdd.screenplay.ErrorTally.throwSummaryExceptionFrom(ErrorTally.java:36)
	at net.serenitybdd.screenplay.ErrorTally.reportAnyErrors(ErrorTally.java:30)
	at net.serenitybdd.screenplay.Actor.should(Actor.java:316)
	at com.prueba.stepdefinitions.ComunStepDefinition.seValidaQueLaRespuestaContengaElYElCodigo(ComunStepDefinition.java:43)
	at âœ½.se valida que la respuesta contenga el &quot;&quot; y el 422(file:///D:/wolox/src/test/resources/com/prueba/features/invalidarSesion.feature:16)
</failure>
  </testcase>
  <system-out><![CDATA[Feature from file:///D:/wolox/src/test/resources/com/prueba/features/invalidarSesion.feature
Step argument class io.cucumber.core.gherkin.vintage.GherkinVintageDataTableArgument
Feature from file:///D:/wolox/src/test/resources/com/prueba/features/invalidarSesion.feature
Step argument class io.cucumber.core.gherkin.vintage.GherkinVintageDataTableArgument
]]></system-out>
  <system-err><![CDATA[[Test worker] INFO  - 
 _____ _____ ____ _____   ____ _____  _    ____ _____ _____ ____  
|_   _| ____/ ___|_   _| / ___|_   _|/ \  |  _ \_   _| ____|  _ \ 
  | | |  _| \___ \ | |   \___ \ | | / _ \ | |_) || | |  _| | | | |
  | | | |___ ___) || |    ___) || |/ ___ \|  _ < | | | |___| |_| |
  |_| |_____|____/ |_|   |____/ |_/_/   \_\_| \_\|_| |_____|____/ 

invalidar otros usuarios como <nombreEscenario>(validar-endpoint-de-invalidar-sesion;invalidar-otros-usuarios-como-<nombreescenario>)
-------------------------------------------------------------------
[Test worker] INFO  - 
        __    _____ _____ ____ _____   ____   _    ____  ____  _____ ____  
  _     \ \  |_   _| ____/ ___|_   _| |  _ \ / \  / ___|/ ___|| ____|  _ \ 
 (_)_____| |   | | |  _| \___ \ | |   | |_) / _ \ \___ \\___ \|  _| | | | |
  _|_____| |   | | | |___ ___) || |   |  __/ ___ \ ___) |___) | |___| |_| |
 (_)     | |   |_| |_____|____/ |_|   |_| /_/   \_\____/|____/|_____|____/ 
        /_/                                                                

invalidar otros usuarios como <nombreEscenario>
----------------------------------------------------------------------------
[Test worker] ERROR  - 
           __  _____ _____ ____ _____   _____ _    ___ _     _____ ____  
  _       / / |_   _| ____/ ___|_   _| |  ___/ \  |_ _| |   | ____|  _ \ 
 (_)_____| |    | | |  _| \___ \ | |   | |_ / _ \  | || |   |  _| | | | |
  _|_____| |    | | | |___ ___) || |   |  _/ ___ \ | || |___| |___| |_| |
 (_)     | |    |_| |_____|____/ |_|   |_|/_/   \_\___|_____|_____|____/ 
          \_\                                                            

invalidar otros usuarios como <nombreEscenario>
--------------------------------------------------------------------------
[Test worker] ERROR  -     Test failed at step: A valid response is returned
[Test worker] ERROR  -     1 expectation failed.Expected status code <422> but was <200>.
]]></system-err>
</testsuite>
