<?xml version="1.0" encoding="UTF-8"?>
<testsuite name="com.prueba.runners.IntegralRunner" tests="1" skipped="0" failures="0" errors="0" timestamp="2021-04-05T04:22:11" hostname="DESKTOP-I0C78UK" time="77.207">
  <properties/>
  <testcase name="ingralCompleta" classname="com.prueba.runners.IntegralRunner" time="77.207"/>
  <system-out><![CDATA[Feature from file:///D:/wolox/src/test/resources/com/prueba/features/registro.feature
Feature from file:///D:/wolox/src/test/resources/com/prueba/features/registro.feature
Feature from file:///D:/wolox/src/test/resources/com/prueba/features/registro.feature
Feature from file:///D:/wolox/src/test/resources/com/prueba/features/registro.feature
Step argument class io.cucumber.core.gherkin.vintage.GherkinVintageDataTableArgument
Feature from file:///D:/wolox/src/test/resources/com/prueba/features/registro.feature
Step argument class io.cucumber.core.gherkin.vintage.GherkinVintageDataTableArgument
Feature from file:///D:/wolox/src/test/resources/com/prueba/features/registro.feature
Step argument class io.cucumber.core.gherkin.vintage.GherkinVintageDataTableArgument
Feature from file:///D:/wolox/src/test/resources/com/prueba/features/registro.feature
Step argument class io.cucumber.core.gherkin.vintage.GherkinVintageDataTableArgument
Feature from file:///D:/wolox/src/test/resources/com/prueba/features/registro.feature
Step argument class io.cucumber.core.gherkin.vintage.GherkinVintageDataTableArgument
Feature from file:///D:/wolox/src/test/resources/com/prueba/features/registro.feature
Step argument class io.cucumber.core.gherkin.vintage.GherkinVintageDataTableArgument

?[31mFailed scenarios:?[0m
?[31mfile:///D:/wolox/src/test/resources/com/prueba/features/registro.feature:16?[0m# Validar ingreso de valores numericos

8 Scenarios (?[31m1 failed?[0m, ?[32m7 passed?[0m)
24 Steps (?[31m1 failed?[0m, ?[32m23 passed?[0m)
0m6.874s


java.lang.AssertionError: 1 expectation failed.
Expected status code <400> but was <201>.

	at net.serenitybdd.screenplay.ErrorTally.throwSummaryExceptionFrom(ErrorTally.java:36)
	at net.serenitybdd.screenplay.ErrorTally.reportAnyErrors(ErrorTally.java:30)
	at net.serenitybdd.screenplay.Actor.should(Actor.java:316)
	at com.prueba.stepdefinitions.RegistroStepDefinition.noSeDeberiaCrearElUsuario(RegistroStepDefinition.java:48)
	at ?.No se deberia crear el usuario(file:///D:/wolox/src/test/resources/com/prueba/features/registro.feature:19)


Feature from file:///D:/wolox/src/test/resources/com/prueba/features/login.feature
Feature from file:///D:/wolox/src/test/resources/com/prueba/features/login.feature
Step argument class io.cucumber.core.gherkin.vintage.GherkinVintageDataTableArgument
Feature from file:///D:/wolox/src/test/resources/com/prueba/features/login.feature
Step argument class io.cucumber.core.gherkin.vintage.GherkinVintageDataTableArgument
Feature from file:///D:/wolox/src/test/resources/com/prueba/features/login.feature
Step argument class io.cucumber.core.gherkin.vintage.GherkinVintageDataTableArgument
Feature from file:///D:/wolox/src/test/resources/com/prueba/features/login.feature
Step argument class io.cucumber.core.gherkin.vintage.GherkinVintageDataTableArgument
Feature from file:///D:/wolox/src/test/resources/com/prueba/features/login.feature
Step argument class io.cucumber.core.gherkin.vintage.GherkinVintageDataTableArgument
Feature from file:///D:/wolox/src/test/resources/com/prueba/features/login.feature
Step argument class io.cucumber.core.gherkin.vintage.GherkinVintageDataTableArgument
Feature from file:///D:/wolox/src/test/resources/com/prueba/features/login.feature
Step argument class io.cucumber.core.gherkin.vintage.GherkinVintageDataTableArgument

7 Scenarios (?[32m7 passed?[0m)
21 Steps (?[32m21 passed?[0m)
0m4.323s


Feature from file:///D:/wolox/src/test/resources/com/prueba/features/listadoUsuario.feature
Feature from file:///D:/wolox/src/test/resources/com/prueba/features/listadoUsuario.feature
Step argument class io.cucumber.core.gherkin.vintage.GherkinVintageDataTableArgument
Feature from file:///D:/wolox/src/test/resources/com/prueba/features/listadoUsuario.feature
Step argument class io.cucumber.core.gherkin.vintage.GherkinVintageDataTableArgument
Feature from file:///D:/wolox/src/test/resources/com/prueba/features/listadoUsuario.feature
Step argument class io.cucumber.core.gherkin.vintage.GherkinVintageDataTableArgument
Feature from file:///D:/wolox/src/test/resources/com/prueba/features/listadoUsuario.feature
Step argument class io.cucumber.core.gherkin.vintage.GherkinVintageDataTableArgument
Feature from file:///D:/wolox/src/test/resources/com/prueba/features/listadoUsuario.feature
Step argument class io.cucumber.core.gherkin.vintage.GherkinVintageDataTableArgument
Feature from file:///D:/wolox/src/test/resources/com/prueba/features/listadoUsuario.feature
Step argument class io.cucumber.core.gherkin.vintage.GherkinVintageDataTableArgument
Feature from file:///D:/wolox/src/test/resources/com/prueba/features/listadoUsuario.feature
Feature from file:///D:/wolox/src/test/resources/com/prueba/features/listadoUsuario.feature

?[31mFailed scenarios:?[0m
?[31mfile:///D:/wolox/src/test/resources/com/prueba/features/listadoUsuario.feature:30?[0m# validar el esquema de la respuesta del servicio
?[31mfile:///D:/wolox/src/test/resources/com/prueba/features/listadoUsuario.feature:31?[0m# validar el esquema de la respuesta del servicio
?[31mfile:///D:/wolox/src/test/resources/com/prueba/features/listadoUsuario.feature:50?[0m# valdiar squema de error

8 Scenarios (?[31m3 failed?[0m, ?[32m5 passed?[0m)
24 Steps (?[31m3 failed?[0m, ?[32m21 passed?[0m)
0m32.537s


java.lang.AssertionError: 1 expectation failed.
Response body doesn't match expectation.
Expected: The content to match the given JSON schema.
warning: the following keywords are unknown and will be ignored: [$id, examples]
    level: "warning"
    schema: {"loadingURI":"file:/D:/wolox/build/resources/test/listadoUsuarioSchema.json#","pointer":""}
    domain: "syntax"
    ignored: ["$id","examples"]
warning: the following keywords are unknown and will be ignored: [$id, examples]
    level: "warning"
    schema: {"loadingURI":"file:/D:/wolox/build/resources/test/listadoUsuarioSchema.json#","pointer":"/properties/count"}
    domain: "syntax"
    ignored: ["$id","examples"]
warning: the following keywords are unknown and will be ignored: [$id, examples]
    level: "warning"
    schema: {"loadingURI":"file:/D:/wolox/build/resources/test/listadoUsuarioSchema.json#","pointer":"/properties/current_page"}
    domain: "syntax"
    ignored: ["$id","examples"]
warning: the following keywords are unknown and will be ignored: [$id, examples]
    level: "warning"
    schema: {"loadingURI":"file:/D:/wolox/build/resources/test/listadoUsuarioSchema.json#","pointer":"/properties/current_page_link"}
    domain: "syntax"
    ignored: ["$id","examples"]
warning: the following keywords are unknown and will be ignored: [$id, examples]
    level: "warning"
    schema: {"loadingURI":"file:/D:/wolox/build/resources/test/listadoUsuarioSchema.json#","pointer":"/properties/first_page_link"}
    domain: "syntax"
    ignored: ["$id","examples"]
warning: the following keywords are unknown and will be ignored: [$id, examples]
    level: "warning"
    schema: {"loadingURI":"file:/D:/wolox/build/resources/test/listadoUsuarioSchema.json#","pointer":"/properties/last_page_link"}
    domain: "syntax"
    ignored: ["$id","examples"]
warning: the following keywords are unknown and will be ignored: [$id, examples]
    level: "warning"
    schema: {"loadingURI":"file:/D:/wolox/build/resources/test/listadoUsuarioSchema.json#","pointer":"/properties/limit"}
    domain: "syntax"
    ignored: ["$id","examples"]
warning: the following keywords are unknown and will be ignored: [$id, examples]
    level: "warning"
    schema: {"loadingURI":"file:/D:/wolox/build/resources/test/listadoUsuarioSchema.json#","pointer":"/properties/n_page_link"}
    domain: "syntax"
    ignored: ["$id","examples"]
warning: the following keywords are unknown and will be ignored: [$id, examples]
    level: "warning"
    schema: {"loadingURI":"file:/D:/wolox/build/resources/test/listadoUsuarioSchema.json#","pointer":"/properties/next_page"}
    domain: "syntax"
    ignored: ["$id","examples"]
warning: the following keywords are unknown and will be ignored: [$id, examples]
    level: "warning"
    schema: {"loadingURI":"file:/D:/wolox/build/resources/test/listadoUsuarioSchema.json#","pointer":"/properties/next_page_link"}
    domain: "syntax"
    ignored: ["$id","examples"]
warning: the following keywords are unknown and will be ignored: [$id, examples]
    level: "warning"
    schema: {"loadingURI":"file:/D:/wolox/build/resources/test/listadoUsuarioSchema.json#","pointer":"/properties/offset"}
    domain: "syntax"
    ignored: ["$id","examples"]
warning: the following keywords are unknown and will be ignored: [$id, examples]
    level: "warning"
    schema: {"loadingURI":"file:/D:/wolox/build/resources/test/listadoUsuarioSchema.json#","pointer":"/properties/page"}
    domain: "syntax"
    ignored: ["$id","examples"]
warning: the following keywords are unknown and will be ignored: [$id]
    level: "warning"
    schema: {"loadingURI":"file:/D:/wolox/build/resources/test/listadoUsuarioSchema.json#","pointer":"/properties/page/items"}
    domain: "syntax"
    ignored: ["$id"]
warning: the following keywords are unknown and will be ignored: [$id, examples]
    level: "warning"
    schema: {"loadingURI":"file:/D:/wolox/build/resources/test/listadoUsuarioSchema.json#","pointer":"/properties/page/items/anyOf/0"}
    domain: "syntax"
    ignored: ["$id","examples"]
warning: the following keywords are unknown and will be ignored: [$id, examples]
    level: "warning"
    schema: {"loadingURI":"file:/D:/wolox/build/resources/test/listadoUsuarioSchema.json#","pointer":"/properties/page/items/anyOf/0/properties/email"}
    domain: "syntax"
    ignored: ["$id","examples"]
warning: the following keywords are unknown and will be ignored: [$id, examples]
    level: "warning"
    schema: {"loadingURI":"file:/D:/wolox/build/resources/test/listadoUsuarioSchema.json#","pointer":"/properties/page/items/anyOf/0/properties/first_name"}
    domain: "syntax"
    ignored: ["$id","examples"]
warning: the following keywords are unknown and will be ignored: [$id, examples]
    level: "warning"
    schema: {"loadingURI":"file:/D:/wolox/build/resources/test/listadoUsuarioSchema.json#","pointer":"/properties/page/items/anyOf/0/properties/last_name"}
    domain: "syntax"
    ignored: ["$id","examples"]
warning: the following keywords are unknown and will be ignored: [$id, examples]
    level: "warning"
    schema: {"loadingURI":"file:/D:/wolox/build/resources/test/listadoUsuarioSchema.json#","pointer":"/properties/page/items/anyOf/0/properties/role"}
    domain: "syntax"
    ignored: ["$id","examples"]
warning: the following keywords are unknown and will be ignored: [$id, examples]
    level: "warning"
    schema: {"loadingURI":"file:/D:/wolox/build/resources/test/listadoUsuarioSchema.json#","pointer":"/properties/previous_page"}
    domain: "syntax"
    ignored: ["$id","examples"]
warning: the following keywords are unknown and will be ignored: [$id, examples]
    level: "warning"
    schema: {"loadingURI":"file:/D:/wolox/build/resources/test/listadoUsuarioSchema.json#","pointer":"/properties/previous_page_link"}
    domain: "syntax"
    ignored: ["$id","examples"]
warning: the following keywords are unknown and will be ignored: [$id, examples]
    level: "warning"
    schema: {"loadingURI":"file:/D:/wolox/build/resources/test/listadoUsuarioSchema.json#","pointer":"/properties/total_count"}
    domain: "syntax"
    ignored: ["$id","examples"]
warning: the following keywords are unknown and will be ignored: [$id, examples]
    level: "warning"
    schema: {"loadingURI":"file:/D:/wolox/build/resources/test/listadoUsuarioSchema.json#","pointer":"/properties/total_pages"}
    domain: "syntax"
    ignored: ["$id","examples"]
error: object has missing required properties (["current_page_link","first_page_link","last_page_link","n_page_link","next_page_link","previous_page_link"])
    level: "error"
    schema: {"loadingURI":"file:/D:/wolox/build/resources/test/listadoUsuarioSchema.json#","pointer":""}
    instance: {"pointer":""}
    domain: "validation"
    keyword: "required"
    required: ["count","current_page","current_page_link","first_page_link","last_page_link","limit","n_page_link","next_page","next_page_link","offset","page","previous_page","previous_page_link","total_count","total_pages"]
    missing: ["current_page_link","first_page_link","last_page_link","n_page_link","next_page_link","previous_page_link"]

  Actual: {"total_count":302,"count":10,"total_pages":31,"limit":10,"offset":0,"current_page":1,"page":[{"first_name":"Hernan","last_name":"Garcia98","email":"hernan003@wolox.com.ar","role":"regular"},{"first_name":"Hernan","last_name":"Garcia","email":"hernan000@wolox.com.ar","role":"regular"},{"first_name":"Ricardo","last_name":"Pantoja","email":"emilia.nava@wolox.com.ar","role":"regular"},{"first_name":"Hernan","last_name":"Garcia","email":"h6@wolox.com.ar","role":"regular"},{"first_name":"5","last_name":"4","email":"alfredo.cedillo@wolox.com.ar","role":"regular"},{"first_name":"Tomás","last_name":"Griego","email":"mayte.aguilera@wolox.com.ar","role":"regular"},{"first_name":"Jose Antonio","last_name":"Bermudez","email":"jose.beruda@wolox.com.ar","role":"regular"},{"first_name":"Juan","last_name":"Perez","email":"jperez@wolox.com.ar","role":"regular"},{"first_name":"Hernan","last_name":"Garcia","email":"h7@wolox.com.ar","role":"regular"},{"first_name":"1","last_name":"4","email":"miguel.contreras@wolox.com.ar","role":"regular"}],"previous_page":null,"next_page":2}

	at net.serenitybdd.screenplay.ErrorTally.throwSummaryExceptionFrom(ErrorTally.java:36)
	at net.serenitybdd.screenplay.ErrorTally.reportAnyErrors(ErrorTally.java:30)
	at net.serenitybdd.screenplay.Actor.should(Actor.java:316)
	at com.prueba.stepdefinitions.ComunStepDefinition.validoElEsquemaDelResponseConElEsquemaEsquema(ComunStepDefinition.java:36)
	at ?.valido el esquema del response con el esquema "listadoUsuarioSchema.json"(file:///D:/wolox/src/test/resources/com/prueba/features/listadoUsuario.feature:26)

java.lang.AssertionError: 1 expectation failed.
Response body doesn't match expectation.
Expected: The content to match the given JSON schema.
warning: the following keywords are unknown and will be ignored: [$id, examples]
    level: "warning"
    schema: {"loadingURI":"file:/D:/wolox/build/resources/test/listadoUsuarioSchema.json#","pointer":""}
    domain: "syntax"
    ignored: ["$id","examples"]
warning: the following keywords are unknown and will be ignored: [$id, examples]
    level: "warning"
    schema: {"loadingURI":"file:/D:/wolox/build/resources/test/listadoUsuarioSchema.json#","pointer":"/properties/count"}
    domain: "syntax"
    ignored: ["$id","examples"]
warning: the following keywords are unknown and will be ignored: [$id, examples]
    level: "warning"
    schema: {"loadingURI":"file:/D:/wolox/build/resources/test/listadoUsuarioSchema.json#","pointer":"/properties/current_page"}
    domain: "syntax"
    ignored: ["$id","examples"]
warning: the following keywords are unknown and will be ignored: [$id, examples]
    level: "warning"
    schema: {"loadingURI":"file:/D:/wolox/build/resources/test/listadoUsuarioSchema.json#","pointer":"/properties/current_page_link"}
    domain: "syntax"
    ignored: ["$id","examples"]
warning: the following keywords are unknown and will be ignored: [$id, examples]
    level: "warning"
    schema: {"loadingURI":"file:/D:/wolox/build/resources/test/listadoUsuarioSchema.json#","pointer":"/properties/first_page_link"}
    domain: "syntax"
    ignored: ["$id","examples"]
warning: the following keywords are unknown and will be ignored: [$id, examples]
    level: "warning"
    schema: {"loadingURI":"file:/D:/wolox/build/resources/test/listadoUsuarioSchema.json#","pointer":"/properties/last_page_link"}
    domain: "syntax"
    ignored: ["$id","examples"]
warning: the following keywords are unknown and will be ignored: [$id, examples]
    level: "warning"
    schema: {"loadingURI":"file:/D:/wolox/build/resources/test/listadoUsuarioSchema.json#","pointer":"/properties/limit"}
    domain: "syntax"
    ignored: ["$id","examples"]
warning: the following keywords are unknown and will be ignored: [$id, examples]
    level: "warning"
    schema: {"loadingURI":"file:/D:/wolox/build/resources/test/listadoUsuarioSchema.json#","pointer":"/properties/n_page_link"}
    domain: "syntax"
    ignored: ["$id","examples"]
warning: the following keywords are unknown and will be ignored: [$id, examples]
    level: "warning"
    schema: {"loadingURI":"file:/D:/wolox/build/resources/test/listadoUsuarioSchema.json#","pointer":"/properties/next_page"}
    domain: "syntax"
    ignored: ["$id","examples"]
warning: the following keywords are unknown and will be ignored: [$id, examples]
    level: "warning"
    schema: {"loadingURI":"file:/D:/wolox/build/resources/test/listadoUsuarioSchema.json#","pointer":"/properties/next_page_link"}
    domain: "syntax"
    ignored: ["$id","examples"]
warning: the following keywords are unknown and will be ignored: [$id, examples]
    level: "warning"
    schema: {"loadingURI":"file:/D:/wolox/build/resources/test/listadoUsuarioSchema.json#","pointer":"/properties/offset"}
    domain: "syntax"
    ignored: ["$id","examples"]
warning: the following keywords are unknown and will be ignored: [$id, examples]
    level: "warning"
    schema: {"loadingURI":"file:/D:/wolox/build/resources/test/listadoUsuarioSchema.json#","pointer":"/properties/page"}
    domain: "syntax"
    ignored: ["$id","examples"]
warning: the following keywords are unknown and will be ignored: [$id]
    level: "warning"
    schema: {"loadingURI":"file:/D:/wolox/build/resources/test/listadoUsuarioSchema.json#","pointer":"/properties/page/items"}
    domain: "syntax"
    ignored: ["$id"]
warning: the following keywords are unknown and will be ignored: [$id, examples]
    level: "warning"
    schema: {"loadingURI":"file:/D:/wolox/build/resources/test/listadoUsuarioSchema.json#","pointer":"/properties/page/items/anyOf/0"}
    domain: "syntax"
    ignored: ["$id","examples"]
warning: the following keywords are unknown and will be ignored: [$id, examples]
    level: "warning"
    schema: {"loadingURI":"file:/D:/wolox/build/resources/test/listadoUsuarioSchema.json#","pointer":"/properties/page/items/anyOf/0/properties/email"}
    domain: "syntax"
    ignored: ["$id","examples"]
warning: the following keywords are unknown and will be ignored: [$id, examples]
    level: "warning"
    schema: {"loadingURI":"file:/D:/wolox/build/resources/test/listadoUsuarioSchema.json#","pointer":"/properties/page/items/anyOf/0/properties/first_name"}
    domain: "syntax"
    ignored: ["$id","examples"]
warning: the following keywords are unknown and will be ignored: [$id, examples]
    level: "warning"
    schema: {"loadingURI":"file:/D:/wolox/build/resources/test/listadoUsuarioSchema.json#","pointer":"/properties/page/items/anyOf/0/properties/last_name"}
    domain: "syntax"
    ignored: ["$id","examples"]
warning: the following keywords are unknown and will be ignored: [$id, examples]
    level: "warning"
    schema: {"loadingURI":"file:/D:/wolox/build/resources/test/listadoUsuarioSchema.json#","pointer":"/properties/page/items/anyOf/0/properties/role"}
    domain: "syntax"
    ignored: ["$id","examples"]
warning: the following keywords are unknown and will be ignored: [$id, examples]
    level: "warning"
    schema: {"loadingURI":"file:/D:/wolox/build/resources/test/listadoUsuarioSchema.json#","pointer":"/properties/previous_page"}
    domain: "syntax"
    ignored: ["$id","examples"]
warning: the following keywords are unknown and will be ignored: [$id, examples]
    level: "warning"
    schema: {"loadingURI":"file:/D:/wolox/build/resources/test/listadoUsuarioSchema.json#","pointer":"/properties/previous_page_link"}
    domain: "syntax"
    ignored: ["$id","examples"]
warning: the following keywords are unknown and will be ignored: [$id, examples]
    level: "warning"
    schema: {"loadingURI":"file:/D:/wolox/build/resources/test/listadoUsuarioSchema.json#","pointer":"/properties/total_count"}
    domain: "syntax"
    ignored: ["$id","examples"]
warning: the following keywords are unknown and will be ignored: [$id, examples]
    level: "warning"
    schema: {"loadingURI":"file:/D:/wolox/build/resources/test/listadoUsuarioSchema.json#","pointer":"/properties/total_pages"}
    domain: "syntax"
    ignored: ["$id","examples"]
error: object has missing required properties (["current_page_link","first_page_link","last_page_link","n_page_link","next_page_link","previous_page_link"])
    level: "error"
    schema: {"loadingURI":"file:/D:/wolox/build/resources/test/listadoUsuarioSchema.json#","pointer":""}
    instance: {"pointer":""}
    domain: "validation"
    keyword: "required"
    required: ["count","current_page","current_page_link","first_page_link","last_page_link","limit","n_page_link","next_page","next_page_link","offset","page","previous_page","previous_page_link","total_count","total_pages"]
    missing: ["current_page_link","first_page_link","last_page_link","n_page_link","next_page_link","previous_page_link"]

  Actual: {"total_count":301,"count":10,"total_pages":31,"limit":10,"offset":0,"current_page":1,"page":[{"first_name":"Hernan","last_name":"Garcia98","email":"hernan003@wolox.com.ar","role":"regular"},{"first_name":"Hernan","last_name":"Garcia","email":"hernan000@wolox.com.ar","role":"regular"},{"first_name":"Ricardo","last_name":"Pantoja","email":"emilia.nava@wolox.com.ar","role":"regular"},{"first_name":"Hernan","last_name":"Garcia","email":"h6@wolox.com.ar","role":"regular"},{"first_name":"5","last_name":"4","email":"alfredo.cedillo@wolox.com.ar","role":"regular"},{"first_name":"Tomás","last_name":"Griego","email":"mayte.aguilera@wolox.com.ar","role":"regular"},{"first_name":"Jose Antonio","last_name":"Bermudez","email":"jose.beruda@wolox.com.ar","role":"regular"},{"first_name":"Juan","last_name":"Perez","email":"jperez@wolox.com.ar","role":"regular"},{"first_name":"Hernan","last_name":"Garcia","email":"h7@wolox.com.ar","role":"regular"},{"first_name":"1","last_name":"4","email":"miguel.contreras@wolox.com.ar","role":"regular"}],"previous_page":null,"next_page":2}

	at net.serenitybdd.screenplay.ErrorTally.throwSummaryExceptionFrom(ErrorTally.java:36)
	at net.serenitybdd.screenplay.ErrorTally.reportAnyErrors(ErrorTally.java:30)
	at net.serenitybdd.screenplay.Actor.should(Actor.java:316)
	at com.prueba.stepdefinitions.ComunStepDefinition.validoElEsquemaDelResponseConElEsquemaEsquema(ComunStepDefinition.java:36)
	at ?.valido el esquema del response con el esquema "listadoUsuarioSchema.json"(file:///D:/wolox/src/test/resources/com/prueba/features/listadoUsuario.feature:26)

java.lang.AssertionError: 1 expectation failed.
Response body doesn't match expectation.
Expected: The content to match the given JSON schema.
warning: the following keywords are unknown and will be ignored: [$id, examples]
    level: "warning"
    schema: {"loadingURI":"file:/D:/wolox/build/resources/test/errorSchema.json#","pointer":""}
    domain: "syntax"
    ignored: ["$id","examples"]
warning: the following keywords are unknown and will be ignored: [$id, examples]
    level: "warning"
    schema: {"loadingURI":"file:/D:/wolox/build/resources/test/errorSchema.json#","pointer":"/properties/errors"}
    domain: "syntax"
    ignored: ["$id","examples"]
warning: the following keywords are unknown and will be ignored: [$id]
    level: "warning"
    schema: {"loadingURI":"file:/D:/wolox/build/resources/test/errorSchema.json#","pointer":"/properties/errors/items"}
    domain: "syntax"
    ignored: ["$id"]
warning: the following keywords are unknown and will be ignored: [$id, examples]
    level: "warning"
    schema: {"loadingURI":"file:/D:/wolox/build/resources/test/errorSchema.json#","pointer":"/properties/errors/items/anyOf/0"}
    domain: "syntax"
    ignored: ["$id","examples"]
warning: the following keywords are unknown and will be ignored: [$id, examples]
    level: "warning"
    schema: {"loadingURI":"file:/D:/wolox/build/resources/test/errorSchema.json#","pointer":"/properties/errors/items/anyOf/0/properties/code"}
    domain: "syntax"
    ignored: ["$id","examples"]
warning: the following keywords are unknown and will be ignored: [$id, examples]
    level: "warning"
    schema: {"loadingURI":"file:/D:/wolox/build/resources/test/errorSchema.json#","pointer":"/properties/errors/items/anyOf/0/properties/message"}
    domain: "syntax"
    ignored: ["$id","examples"]
warning: the following keywords are unknown and will be ignored: [$id, examples]
    level: "warning"
    schema: {"loadingURI":"file:/D:/wolox/build/resources/test/errorSchema.json#","pointer":"/properties/origin"}
    domain: "syntax"
    ignored: ["$id","examples"]
warning: the following keywords are unknown and will be ignored: [$id, examples]
    level: "warning"
    schema: {"loadingURI":"file:/D:/wolox/build/resources/test/errorSchema.json#","pointer":"/properties/stack_trace"}
    domain: "syntax"
    ignored: ["$id","examples"]
warning: the following keywords are unknown and will be ignored: [$id, examples]
    level: "warning"
    schema: {"loadingURI":"file:/D:/wolox/build/resources/test/errorSchema.json#","pointer":"/properties/timestamp"}
    domain: "syntax"
    ignored: ["$id","examples"]
error: object has missing required properties (["origin","stack_trace"])
    level: "error"
    schema: {"loadingURI":"file:/D:/wolox/build/resources/test/errorSchema.json#","pointer":""}
    instance: {"pointer":""}
    domain: "validation"
    keyword: "required"
    required: ["errors","origin","stack_trace","timestamp"]
    missing: ["origin","stack_trace"]

  Actual: {"errors":[{"code":"authentication_error","message":"Invalid token"}],"timestamp":"2021-04-05T04:22:56.553Z"}

	at net.serenitybdd.screenplay.ErrorTally.throwSummaryExceptionFrom(ErrorTally.java:36)
	at net.serenitybdd.screenplay.ErrorTally.reportAnyErrors(ErrorTally.java:30)
	at net.serenitybdd.screenplay.Actor.should(Actor.java:316)
	at com.prueba.stepdefinitions.ComunStepDefinition.validoElEsquemaDelResponseConElEsquemaEsquema(ComunStepDefinition.java:36)
	at ?.valido el esquema del response con el esquema "errorSchema.json"(file:///D:/wolox/src/test/resources/com/prueba/features/listadoUsuario.feature:53)


Feature from file:///D:/wolox/src/test/resources/com/prueba/features/albumes.feature
Feature from file:///D:/wolox/src/test/resources/com/prueba/features/albumes.feature
Step argument class io.cucumber.core.gherkin.vintage.GherkinVintageDataTableArgument
Feature from file:///D:/wolox/src/test/resources/com/prueba/features/albumes.feature
Step argument class io.cucumber.core.gherkin.vintage.GherkinVintageDataTableArgument
Feature from file:///D:/wolox/src/test/resources/com/prueba/features/albumes.feature
Step argument class io.cucumber.core.gherkin.vintage.GherkinVintageDataTableArgument
Feature from file:///D:/wolox/src/test/resources/com/prueba/features/albumes.feature
Step argument class io.cucumber.core.gherkin.vintage.GherkinVintageDataTableArgument
Feature from file:///D:/wolox/src/test/resources/com/prueba/features/albumes.feature
Step argument class io.cucumber.core.gherkin.vintage.GherkinVintageDataTableArgument
Feature from file:///D:/wolox/src/test/resources/com/prueba/features/albumes.feature
Step argument class io.cucumber.core.gherkin.vintage.GherkinVintageDataTableArgument
Feature from file:///D:/wolox/src/test/resources/com/prueba/features/albumes.feature
Feature from file:///D:/wolox/src/test/resources/com/prueba/features/albumes.feature

?[31mFailed scenarios:?[0m
?[31mfile:///D:/wolox/src/test/resources/com/prueba/features/albumes.feature:54?[0m# valdiar squema de error

8 Scenarios (?[31m1 failed?[0m, ?[32m7 passed?[0m)
32 Steps (?[31m1 failed?[0m, ?[32m31 passed?[0m)
0m7.696s


java.lang.AssertionError: 1 expectation failed.
Response body doesn't match expectation.
Expected: The content to match the given JSON schema.
warning: the following keywords are unknown and will be ignored: [$id, examples]
    level: "warning"
    schema: {"loadingURI":"file:/D:/wolox/build/resources/test/errorSchema.json#","pointer":""}
    domain: "syntax"
    ignored: ["$id","examples"]
warning: the following keywords are unknown and will be ignored: [$id, examples]
    level: "warning"
    schema: {"loadingURI":"file:/D:/wolox/build/resources/test/errorSchema.json#","pointer":"/properties/errors"}
    domain: "syntax"
    ignored: ["$id","examples"]
warning: the following keywords are unknown and will be ignored: [$id]
    level: "warning"
    schema: {"loadingURI":"file:/D:/wolox/build/resources/test/errorSchema.json#","pointer":"/properties/errors/items"}
    domain: "syntax"
    ignored: ["$id"]
warning: the following keywords are unknown and will be ignored: [$id, examples]
    level: "warning"
    schema: {"loadingURI":"file:/D:/wolox/build/resources/test/errorSchema.json#","pointer":"/properties/errors/items/anyOf/0"}
    domain: "syntax"
    ignored: ["$id","examples"]
warning: the following keywords are unknown and will be ignored: [$id, examples]
    level: "warning"
    schema: {"loadingURI":"file:/D:/wolox/build/resources/test/errorSchema.json#","pointer":"/properties/errors/items/anyOf/0/properties/code"}
    domain: "syntax"
    ignored: ["$id","examples"]
warning: the following keywords are unknown and will be ignored: [$id, examples]
    level: "warning"
    schema: {"loadingURI":"file:/D:/wolox/build/resources/test/errorSchema.json#","pointer":"/properties/errors/items/anyOf/0/properties/message"}
    domain: "syntax"
    ignored: ["$id","examples"]
warning: the following keywords are unknown and will be ignored: [$id, examples]
    level: "warning"
    schema: {"loadingURI":"file:/D:/wolox/build/resources/test/errorSchema.json#","pointer":"/properties/origin"}
    domain: "syntax"
    ignored: ["$id","examples"]
warning: the following keywords are unknown and will be ignored: [$id, examples]
    level: "warning"
    schema: {"loadingURI":"file:/D:/wolox/build/resources/test/errorSchema.json#","pointer":"/properties/stack_trace"}
    domain: "syntax"
    ignored: ["$id","examples"]
warning: the following keywords are unknown and will be ignored: [$id, examples]
    level: "warning"
    schema: {"loadingURI":"file:/D:/wolox/build/resources/test/errorSchema.json#","pointer":"/properties/timestamp"}
    domain: "syntax"
    ignored: ["$id","examples"]
error: object has missing required properties (["origin","stack_trace"])
    level: "error"
    schema: {"loadingURI":"file:/D:/wolox/build/resources/test/errorSchema.json#","pointer":""}
    instance: {"pointer":""}
    domain: "validation"
    keyword: "required"
    required: ["errors","origin","stack_trace","timestamp"]
    missing: ["origin","stack_trace"]

  Actual: {"errors":[{"code":"authentication_error","message":"Invalid token"}],"timestamp":"2021-04-05T04:23:04.390Z"}

	at net.serenitybdd.screenplay.ErrorTally.throwSummaryExceptionFrom(ErrorTally.java:36)
	at net.serenitybdd.screenplay.ErrorTally.reportAnyErrors(ErrorTally.java:30)
	at net.serenitybdd.screenplay.Actor.should(Actor.java:316)
	at com.prueba.stepdefinitions.ComunStepDefinition.validoElEsquemaDelResponseConElEsquemaEsquema(ComunStepDefinition.java:36)
	at ?.valido el esquema del response con el esquema "errorSchema.json"(file:///D:/wolox/src/test/resources/com/prueba/features/albumes.feature:58)


Feature from file:///D:/wolox/src/test/resources/com/prueba/features/listadoFotosAlbum.feature
Feature from file:///D:/wolox/src/test/resources/com/prueba/features/listadoFotosAlbum.feature
Step argument class io.cucumber.core.gherkin.vintage.GherkinVintageDataTableArgument
Feature from file:///D:/wolox/src/test/resources/com/prueba/features/listadoFotosAlbum.feature
Step argument class io.cucumber.core.gherkin.vintage.GherkinVintageDataTableArgument
Feature from file:///D:/wolox/src/test/resources/com/prueba/features/listadoFotosAlbum.feature
Step argument class io.cucumber.core.gherkin.vintage.GherkinVintageDataTableArgument
Feature from file:///D:/wolox/src/test/resources/com/prueba/features/listadoFotosAlbum.feature
Step argument class io.cucumber.core.gherkin.vintage.GherkinVintageDataTableArgument
Feature from file:///D:/wolox/src/test/resources/com/prueba/features/listadoFotosAlbum.feature
Step argument class io.cucumber.core.gherkin.vintage.GherkinVintageDataTableArgument
Feature from file:///D:/wolox/src/test/resources/com/prueba/features/listadoFotosAlbum.feature
Step argument class io.cucumber.core.gherkin.vintage.GherkinVintageDataTableArgument
Feature from file:///D:/wolox/src/test/resources/com/prueba/features/listadoFotosAlbum.feature
Feature from file:///D:/wolox/src/test/resources/com/prueba/features/listadoFotosAlbum.feature

?[31mFailed scenarios:?[0m
?[31mfile:///D:/wolox/src/test/resources/com/prueba/features/listadoFotosAlbum.feature:31?[0m# consultar fotos de un album que no existe con usuario administrador
?[31mfile:///D:/wolox/src/test/resources/com/prueba/features/listadoFotosAlbum.feature:32?[0m# consultar fotos de un album que no existe con usuario regular
?[31mfile:///D:/wolox/src/test/resources/com/prueba/features/listadoFotosAlbum.feature:53?[0m# valdiar squema de error

8 Scenarios (?[31m3 failed?[0m, ?[32m5 passed?[0m)
32 Steps (?[31m3 failed?[0m, ?[32m29 passed?[0m)
0m7.354s


java.lang.AssertionError: 1 expectation failed.
Expected status code <404> but was <200>.

	at net.serenitybdd.screenplay.ErrorTally.throwSummaryExceptionFrom(ErrorTally.java:36)
	at net.serenitybdd.screenplay.ErrorTally.reportAnyErrors(ErrorTally.java:30)
	at net.serenitybdd.screenplay.Actor.should(Actor.java:316)
	at com.prueba.stepdefinitions.ComunStepDefinition.elServicioDebeRetornarUnCodigoInvalido(ComunStepDefinition.java:66)
	at ?.el servicio debe retornar un codigo invalido(file:///D:/wolox/src/test/resources/com/prueba/features/listadoFotosAlbum.feature:28)

java.lang.AssertionError: 1 expectation failed.
Expected status code <404> but was <200>.

	at net.serenitybdd.screenplay.ErrorTally.throwSummaryExceptionFrom(ErrorTally.java:36)
	at net.serenitybdd.screenplay.ErrorTally.reportAnyErrors(ErrorTally.java:30)
	at net.serenitybdd.screenplay.Actor.should(Actor.java:316)
	at com.prueba.stepdefinitions.ComunStepDefinition.elServicioDebeRetornarUnCodigoInvalido(ComunStepDefinition.java:66)
	at ?.el servicio debe retornar un codigo invalido(file:///D:/wolox/src/test/resources/com/prueba/features/listadoFotosAlbum.feature:28)

java.lang.AssertionError: 1 expectation failed.
Response body doesn't match expectation.
Expected: The content to match the given JSON schema.
warning: the following keywords are unknown and will be ignored: [$id, examples]
    level: "warning"
    schema: {"loadingURI":"file:/D:/wolox/build/resources/test/errorSchema.json#","pointer":""}
    domain: "syntax"
    ignored: ["$id","examples"]
warning: the following keywords are unknown and will be ignored: [$id, examples]
    level: "warning"
    schema: {"loadingURI":"file:/D:/wolox/build/resources/test/errorSchema.json#","pointer":"/properties/errors"}
    domain: "syntax"
    ignored: ["$id","examples"]
warning: the following keywords are unknown and will be ignored: [$id]
    level: "warning"
    schema: {"loadingURI":"file:/D:/wolox/build/resources/test/errorSchema.json#","pointer":"/properties/errors/items"}
    domain: "syntax"
    ignored: ["$id"]
warning: the following keywords are unknown and will be ignored: [$id, examples]
    level: "warning"
    schema: {"loadingURI":"file:/D:/wolox/build/resources/test/errorSchema.json#","pointer":"/properties/errors/items/anyOf/0"}
    domain: "syntax"
    ignored: ["$id","examples"]
warning: the following keywords are unknown and will be ignored: [$id, examples]
    level: "warning"
    schema: {"loadingURI":"file:/D:/wolox/build/resources/test/errorSchema.json#","pointer":"/properties/errors/items/anyOf/0/properties/code"}
    domain: "syntax"
    ignored: ["$id","examples"]
warning: the following keywords are unknown and will be ignored: [$id, examples]
    level: "warning"
    schema: {"loadingURI":"file:/D:/wolox/build/resources/test/errorSchema.json#","pointer":"/properties/errors/items/anyOf/0/properties/message"}
    domain: "syntax"
    ignored: ["$id","examples"]
warning: the following keywords are unknown and will be ignored: [$id, examples]
    level: "warning"
    schema: {"loadingURI":"file:/D:/wolox/build/resources/test/errorSchema.json#","pointer":"/properties/origin"}
    domain: "syntax"
    ignored: ["$id","examples"]
warning: the following keywords are unknown and will be ignored: [$id, examples]
    level: "warning"
    schema: {"loadingURI":"file:/D:/wolox/build/resources/test/errorSchema.json#","pointer":"/properties/stack_trace"}
    domain: "syntax"
    ignored: ["$id","examples"]
warning: the following keywords are unknown and will be ignored: [$id, examples]
    level: "warning"
    schema: {"loadingURI":"file:/D:/wolox/build/resources/test/errorSchema.json#","pointer":"/properties/timestamp"}
    domain: "syntax"
    ignored: ["$id","examples"]
error: object has missing required properties (["origin","stack_trace"])
    level: "error"
    schema: {"loadingURI":"file:/D:/wolox/build/resources/test/errorSchema.json#","pointer":""}
    instance: {"pointer":""}
    domain: "validation"
    keyword: "required"
    required: ["errors","origin","stack_trace","timestamp"]
    missing: ["origin","stack_trace"]

  Actual: {"errors":[{"code":"authentication_error","message":"Invalid token"}],"timestamp":"2021-04-05T04:23:11.777Z"}

	at net.serenitybdd.screenplay.ErrorTally.throwSummaryExceptionFrom(ErrorTally.java:36)
	at net.serenitybdd.screenplay.ErrorTally.reportAnyErrors(ErrorTally.java:30)
	at net.serenitybdd.screenplay.Actor.should(Actor.java:316)
	at com.prueba.stepdefinitions.ComunStepDefinition.validoElEsquemaDelResponseConElEsquemaEsquema(ComunStepDefinition.java:36)
	at ?.valido el esquema del response con el esquema "errorSchema.json"(file:///D:/wolox/src/test/resources/com/prueba/features/listadoFotosAlbum.feature:57)


Feature from file:///D:/wolox/src/test/resources/com/prueba/features/comprarAlbum.feature
Feature from file:///D:/wolox/src/test/resources/com/prueba/features/comprarAlbum.feature
Step argument class io.cucumber.core.gherkin.vintage.GherkinVintageDataTableArgument
Este usuario ya compro este album
Feature from file:///D:/wolox/src/test/resources/com/prueba/features/comprarAlbum.feature
Step argument class io.cucumber.core.gherkin.vintage.GherkinVintageDataTableArgument
Este usuario ya compro este album
Feature from file:///D:/wolox/src/test/resources/com/prueba/features/comprarAlbum.feature
Step argument class io.cucumber.core.gherkin.vintage.GherkinVintageDataTableArgument
Feature from file:///D:/wolox/src/test/resources/com/prueba/features/comprarAlbum.feature
Step argument class io.cucumber.core.gherkin.vintage.GherkinVintageDataTableArgument
Feature from file:///D:/wolox/src/test/resources/com/prueba/features/comprarAlbum.feature
Feature from file:///D:/wolox/src/test/resources/com/prueba/features/comprarAlbum.feature

?[31mFailed scenarios:?[0m
?[31mfile:///D:/wolox/src/test/resources/com/prueba/features/comprarAlbum.feature:42?[0m# valdiar squema de error

6 Scenarios (?[31m1 failed?[0m, ?[32m5 passed?[0m)
24 Steps (?[31m1 failed?[0m, ?[32m23 passed?[0m)
0m5.385s


java.lang.AssertionError: 1 expectation failed.
Response body doesn't match expectation.
Expected: The content to match the given JSON schema.
warning: the following keywords are unknown and will be ignored: [$id, examples]
    level: "warning"
    schema: {"loadingURI":"file:/D:/wolox/build/resources/test/errorSchema.json#","pointer":""}
    domain: "syntax"
    ignored: ["$id","examples"]
warning: the following keywords are unknown and will be ignored: [$id, examples]
    level: "warning"
    schema: {"loadingURI":"file:/D:/wolox/build/resources/test/errorSchema.json#","pointer":"/properties/errors"}
    domain: "syntax"
    ignored: ["$id","examples"]
warning: the following keywords are unknown and will be ignored: [$id]
    level: "warning"
    schema: {"loadingURI":"file:/D:/wolox/build/resources/test/errorSchema.json#","pointer":"/properties/errors/items"}
    domain: "syntax"
    ignored: ["$id"]
warning: the following keywords are unknown and will be ignored: [$id, examples]
    level: "warning"
    schema: {"loadingURI":"file:/D:/wolox/build/resources/test/errorSchema.json#","pointer":"/properties/errors/items/anyOf/0"}
    domain: "syntax"
    ignored: ["$id","examples"]
warning: the following keywords are unknown and will be ignored: [$id, examples]
    level: "warning"
    schema: {"loadingURI":"file:/D:/wolox/build/resources/test/errorSchema.json#","pointer":"/properties/errors/items/anyOf/0/properties/code"}
    domain: "syntax"
    ignored: ["$id","examples"]
warning: the following keywords are unknown and will be ignored: [$id, examples]
    level: "warning"
    schema: {"loadingURI":"file:/D:/wolox/build/resources/test/errorSchema.json#","pointer":"/properties/errors/items/anyOf/0/properties/message"}
    domain: "syntax"
    ignored: ["$id","examples"]
warning: the following keywords are unknown and will be ignored: [$id, examples]
    level: "warning"
    schema: {"loadingURI":"file:/D:/wolox/build/resources/test/errorSchema.json#","pointer":"/properties/origin"}
    domain: "syntax"
    ignored: ["$id","examples"]
warning: the following keywords are unknown and will be ignored: [$id, examples]
    level: "warning"
    schema: {"loadingURI":"file:/D:/wolox/build/resources/test/errorSchema.json#","pointer":"/properties/stack_trace"}
    domain: "syntax"
    ignored: ["$id","examples"]
warning: the following keywords are unknown and will be ignored: [$id, examples]
    level: "warning"
    schema: {"loadingURI":"file:/D:/wolox/build/resources/test/errorSchema.json#","pointer":"/properties/timestamp"}
    domain: "syntax"
    ignored: ["$id","examples"]
error: object has missing required properties (["origin","stack_trace"])
    level: "error"
    schema: {"loadingURI":"file:/D:/wolox/build/resources/test/errorSchema.json#","pointer":""}
    instance: {"pointer":""}
    domain: "validation"
    keyword: "required"
    required: ["errors","origin","stack_trace","timestamp"]
    missing: ["origin","stack_trace"]

  Actual: {"errors":[{"code":"authentication_error","message":"Invalid token"}],"timestamp":"2021-04-05T04:23:17.198Z"}

	at net.serenitybdd.screenplay.ErrorTally.throwSummaryExceptionFrom(ErrorTally.java:36)
	at net.serenitybdd.screenplay.ErrorTally.reportAnyErrors(ErrorTally.java:30)
	at net.serenitybdd.screenplay.Actor.should(Actor.java:316)
	at com.prueba.stepdefinitions.ComunStepDefinition.validoElEsquemaDelResponseConElEsquemaEsquema(ComunStepDefinition.java:36)
	at ?.valido el esquema del response con el esquema "errorSchema.json"(file:///D:/wolox/src/test/resources/com/prueba/features/comprarAlbum.feature:46)


Feature from file:///D:/wolox/src/test/resources/com/prueba/features/albumesComprados.feature
Feature from file:///D:/wolox/src/test/resources/com/prueba/features/albumesComprados.feature
Step argument class io.cucumber.core.gherkin.vintage.GherkinVintageDataTableArgument
Feature from file:///D:/wolox/src/test/resources/com/prueba/features/albumesComprados.feature
Step argument class io.cucumber.core.gherkin.vintage.GherkinVintageDataTableArgument
Feature from file:///D:/wolox/src/test/resources/com/prueba/features/albumesComprados.feature
Step argument class io.cucumber.core.gherkin.vintage.GherkinVintageDataTableArgument
Feature from file:///D:/wolox/src/test/resources/com/prueba/features/albumesComprados.feature
Step argument class io.cucumber.core.gherkin.vintage.GherkinVintageDataTableArgument
Feature from file:///D:/wolox/src/test/resources/com/prueba/features/albumesComprados.feature
Step argument class io.cucumber.core.gherkin.vintage.GherkinVintageDataTableArgument
Feature from file:///D:/wolox/src/test/resources/com/prueba/features/albumesComprados.feature
Step argument class io.cucumber.core.gherkin.vintage.GherkinVintageDataTableArgument
Feature from file:///D:/wolox/src/test/resources/com/prueba/features/albumesComprados.feature
Feature from file:///D:/wolox/src/test/resources/com/prueba/features/albumesComprados.feature

?[31mFailed scenarios:?[0m
?[31mfile:///D:/wolox/src/test/resources/com/prueba/features/albumesComprados.feature:54?[0m# valdiar squema de error

8 Scenarios (?[31m1 failed?[0m, ?[32m7 passed?[0m)
32 Steps (?[31m1 failed?[0m, ?[32m31 passed?[0m)
0m8.089s


java.lang.AssertionError: 1 expectation failed.
Response body doesn't match expectation.
Expected: The content to match the given JSON schema.
warning: the following keywords are unknown and will be ignored: [$id, examples]
    level: "warning"
    schema: {"loadingURI":"file:/D:/wolox/build/resources/test/errorSchema.json#","pointer":""}
    domain: "syntax"
    ignored: ["$id","examples"]
warning: the following keywords are unknown and will be ignored: [$id, examples]
    level: "warning"
    schema: {"loadingURI":"file:/D:/wolox/build/resources/test/errorSchema.json#","pointer":"/properties/errors"}
    domain: "syntax"
    ignored: ["$id","examples"]
warning: the following keywords are unknown and will be ignored: [$id]
    level: "warning"
    schema: {"loadingURI":"file:/D:/wolox/build/resources/test/errorSchema.json#","pointer":"/properties/errors/items"}
    domain: "syntax"
    ignored: ["$id"]
warning: the following keywords are unknown and will be ignored: [$id, examples]
    level: "warning"
    schema: {"loadingURI":"file:/D:/wolox/build/resources/test/errorSchema.json#","pointer":"/properties/errors/items/anyOf/0"}
    domain: "syntax"
    ignored: ["$id","examples"]
warning: the following keywords are unknown and will be ignored: [$id, examples]
    level: "warning"
    schema: {"loadingURI":"file:/D:/wolox/build/resources/test/errorSchema.json#","pointer":"/properties/errors/items/anyOf/0/properties/code"}
    domain: "syntax"
    ignored: ["$id","examples"]
warning: the following keywords are unknown and will be ignored: [$id, examples]
    level: "warning"
    schema: {"loadingURI":"file:/D:/wolox/build/resources/test/errorSchema.json#","pointer":"/properties/errors/items/anyOf/0/properties/message"}
    domain: "syntax"
    ignored: ["$id","examples"]
warning: the following keywords are unknown and will be ignored: [$id, examples]
    level: "warning"
    schema: {"loadingURI":"file:/D:/wolox/build/resources/test/errorSchema.json#","pointer":"/properties/origin"}
    domain: "syntax"
    ignored: ["$id","examples"]
warning: the following keywords are unknown and will be ignored: [$id, examples]
    level: "warning"
    schema: {"loadingURI":"file:/D:/wolox/build/resources/test/errorSchema.json#","pointer":"/properties/stack_trace"}
    domain: "syntax"
    ignored: ["$id","examples"]
warning: the following keywords are unknown and will be ignored: [$id, examples]
    level: "warning"
    schema: {"loadingURI":"file:/D:/wolox/build/resources/test/errorSchema.json#","pointer":"/properties/timestamp"}
    domain: "syntax"
    ignored: ["$id","examples"]
error: object has missing required properties (["origin","stack_trace"])
    level: "error"
    schema: {"loadingURI":"file:/D:/wolox/build/resources/test/errorSchema.json#","pointer":""}
    instance: {"pointer":""}
    domain: "validation"
    keyword: "required"
    required: ["errors","origin","stack_trace","timestamp"]
    missing: ["origin","stack_trace"]

  Actual: {"errors":[{"code":"authentication_error","message":"Invalid token"}],"timestamp":"2021-04-05T04:23:25.311Z"}

	at net.serenitybdd.screenplay.ErrorTally.throwSummaryExceptionFrom(ErrorTally.java:36)
	at net.serenitybdd.screenplay.ErrorTally.reportAnyErrors(ErrorTally.java:30)
	at net.serenitybdd.screenplay.Actor.should(Actor.java:316)
	at com.prueba.stepdefinitions.ComunStepDefinition.validoElEsquemaDelResponseConElEsquemaEsquema(ComunStepDefinition.java:36)
	at ?.valido el esquema del response con el esquema "errorSchema.json"(file:///D:/wolox/src/test/resources/com/prueba/features/albumesComprados.feature:58)


Feature from file:///D:/wolox/src/test/resources/com/prueba/features/invalidarSesion.feature
Feature from file:///D:/wolox/src/test/resources/com/prueba/features/invalidarSesion.feature
Step argument class io.cucumber.core.gherkin.vintage.GherkinVintageDataTableArgument
Feature from file:///D:/wolox/src/test/resources/com/prueba/features/invalidarSesion.feature
Step argument class io.cucumber.core.gherkin.vintage.GherkinVintageDataTableArgument
Feature from file:///D:/wolox/src/test/resources/com/prueba/features/invalidarSesion.feature
Feature from file:///D:/wolox/src/test/resources/com/prueba/features/invalidarSesion.feature

?[31mFailed scenarios:?[0m
?[31mfile:///D:/wolox/src/test/resources/com/prueba/features/invalidarSesion.feature:20?[0m# invalidar otros usuarios como usuario regular
?[31mfile:///D:/wolox/src/test/resources/com/prueba/features/invalidarSesion.feature:28?[0m# valdiar squema de error

4 Scenarios (?[31m2 failed?[0m, ?[32m2 passed?[0m)
16 Steps (?[31m2 failed?[0m, ?[32m14 passed?[0m)
0m2.900s


java.lang.AssertionError: 1 expectation failed.
Expected status code <422> but was <200>.

	at net.serenitybdd.screenplay.ErrorTally.throwSummaryExceptionFrom(ErrorTally.java:36)
	at net.serenitybdd.screenplay.ErrorTally.reportAnyErrors(ErrorTally.java:30)
	at net.serenitybdd.screenplay.Actor.should(Actor.java:316)
	at com.prueba.stepdefinitions.ComunStepDefinition.seValidaQueLaRespuestaContengaElYElCodigo(ComunStepDefinition.java:46)
	at ?.se valida que la respuesta contenga el "" y el 422(file:///D:/wolox/src/test/resources/com/prueba/features/invalidarSesion.feature:16)

java.lang.AssertionError: 1 expectation failed.
Response body doesn't match expectation.
Expected: The content to match the given JSON schema.
warning: the following keywords are unknown and will be ignored: [$id, examples]
    level: "warning"
    schema: {"loadingURI":"file:/D:/wolox/build/resources/test/errorSchema.json#","pointer":""}
    domain: "syntax"
    ignored: ["$id","examples"]
warning: the following keywords are unknown and will be ignored: [$id, examples]
    level: "warning"
    schema: {"loadingURI":"file:/D:/wolox/build/resources/test/errorSchema.json#","pointer":"/properties/errors"}
    domain: "syntax"
    ignored: ["$id","examples"]
warning: the following keywords are unknown and will be ignored: [$id]
    level: "warning"
    schema: {"loadingURI":"file:/D:/wolox/build/resources/test/errorSchema.json#","pointer":"/properties/errors/items"}
    domain: "syntax"
    ignored: ["$id"]
warning: the following keywords are unknown and will be ignored: [$id, examples]
    level: "warning"
    schema: {"loadingURI":"file:/D:/wolox/build/resources/test/errorSchema.json#","pointer":"/properties/errors/items/anyOf/0"}
    domain: "syntax"
    ignored: ["$id","examples"]
warning: the following keywords are unknown and will be ignored: [$id, examples]
    level: "warning"
    schema: {"loadingURI":"file:/D:/wolox/build/resources/test/errorSchema.json#","pointer":"/properties/errors/items/anyOf/0/properties/code"}
    domain: "syntax"
    ignored: ["$id","examples"]
warning: the following keywords are unknown and will be ignored: [$id, examples]
    level: "warning"
    schema: {"loadingURI":"file:/D:/wolox/build/resources/test/errorSchema.json#","pointer":"/properties/errors/items/anyOf/0/properties/message"}
    domain: "syntax"
    ignored: ["$id","examples"]
warning: the following keywords are unknown and will be ignored: [$id, examples]
    level: "warning"
    schema: {"loadingURI":"file:/D:/wolox/build/resources/test/errorSchema.json#","pointer":"/properties/origin"}
    domain: "syntax"
    ignored: ["$id","examples"]
warning: the following keywords are unknown and will be ignored: [$id, examples]
    level: "warning"
    schema: {"loadingURI":"file:/D:/wolox/build/resources/test/errorSchema.json#","pointer":"/properties/stack_trace"}
    domain: "syntax"
    ignored: ["$id","examples"]
warning: the following keywords are unknown and will be ignored: [$id, examples]
    level: "warning"
    schema: {"loadingURI":"file:/D:/wolox/build/resources/test/errorSchema.json#","pointer":"/properties/timestamp"}
    domain: "syntax"
    ignored: ["$id","examples"]
error: object has missing required properties (["origin","stack_trace"])
    level: "error"
    schema: {"loadingURI":"file:/D:/wolox/build/resources/test/errorSchema.json#","pointer":""}
    instance: {"pointer":""}
    domain: "validation"
    keyword: "required"
    required: ["errors","origin","stack_trace","timestamp"]
    missing: ["origin","stack_trace"]

  Actual: {"errors":[{"code":"authentication_error","message":"Invalid token"}],"timestamp":"2021-04-05T04:23:28.236Z"}

	at net.serenitybdd.screenplay.ErrorTally.throwSummaryExceptionFrom(ErrorTally.java:36)
	at net.serenitybdd.screenplay.ErrorTally.reportAnyErrors(ErrorTally.java:30)
	at net.serenitybdd.screenplay.Actor.should(Actor.java:316)
	at com.prueba.stepdefinitions.ComunStepDefinition.validoElEsquemaDelResponseConElEsquemaEsquema(ComunStepDefinition.java:36)
	at ?.valido el esquema del response con el esquema "errorSchema.json"(file:///D:/wolox/src/test/resources/com/prueba/features/invalidarSesion.feature:32)


]]></system-out>
  <system-err><![CDATA[[Test worker] WARN io.cucumber.junit.CucumberSerenityRunner - By default Cucumber is running in --non-strict mode.
This default will change to --strict and --non-strict will be removed.
You can use --strict or @CucumberOptions(strict = true) to suppress this warning
[Test worker] INFO  - 

-------------------------------------------------------------------------------------
     _______. _______ .______       _______ .__   __.  __  .___________.____    ____ 
    /       ||   ____||   _  \     |   ____||  \ |  | |  | |           |\   \  /   / 
   |   (----`|  |__   |  |_)  |    |  |__   |   \|  | |  | `---|  |----` \   \/   /  
    \   \    |   __|  |      /     |   __|  |  . `  | |  |     |  |       \_    _/   
.----)   |   |  |____ |  |\  \----.|  |____ |  |\   | |  |     |  |         |  |     
|_______/    |_______|| _| `._____||_______||__| \__| |__|     |__|         |__|    
                                                                                     
 News and tutorials at http://www.serenity-bdd.info                                  
 Documentation at https://wakaleo.gitbooks.io/the-serenity-book/content/             
 Join the Serenity Community on Gitter: https://gitter.im/serenity-bdd/serenity-core 
 Serenity BDD Support and Training at http://serenity-bdd.info/#/trainingandsupport  
 Learn Serenity BDD online at https://www.serenitydojo.net                           
-------------------------------------------------------------------------------------

[Test worker] INFO  - Test Suite Started: Validar endpoint de registros
[Test worker] INFO  - 
 _____ _____ ____ _____   ____ _____  _    ____ _____ _____ ____  
|_   _| ____/ ___|_   _| / ___|_   _|/ \  |  _ \_   _| ____|  _ \ 
  | | |  _| \___ \ | |   \___ \ | | / _ \ | |_) || | |  _| | | | |
  | | | |___ ___) || |    ___) || |/ ___ \|  _ < | | | |___| |_| |
  |_| |_____|____/ |_|   |____/ |_/_/   \_\_| \_\|_| |_____|____/ 

Crear usuario exitoso(validar-endpoint-de-registros;crear-usuario-exitoso)
-------------------------------------------------------------------
[Test worker] INFO  - 
        __    _____ _____ ____ _____   ____   _    ____  ____  _____ ____  
  _     \ \  |_   _| ____/ ___|_   _| |  _ \ / \  / ___|/ ___|| ____|  _ \ 
 (_)_____| |   | | |  _| \___ \ | |   | |_) / _ \ \___ \\___ \|  _| | | | |
  _|_____| |   | | | |___ ___) || |   |  __/ ___ \ ___) |___) | |___| |_| |
 (_)     | |   |_| |_____|____/ |_|   |_| /_/   \_\____/|____/|_____|____/ 
        /_/                                                                

Crear usuario exitoso
----------------------------------------------------------------------------
[Test worker] INFO  - 
 _____ _____ ____ _____   ____ _____  _    ____ _____ _____ ____  
|_   _| ____/ ___|_   _| / ___|_   _|/ \  |  _ \_   _| ____|  _ \ 
  | | |  _| \___ \ | |   \___ \ | | / _ \ | |_) || | |  _| | | | |
  | | | |___ ___) || |    ___) || |/ ___ \|  _ < | | | |___| |_| |
  |_| |_____|____/ |_|   |____/ |_/_/   \_\_| \_\|_| |_____|____/ 

Validar ingreso de valores numericos(validar-endpoint-de-registros;validar-ingreso-de-valores-numericos)
-------------------------------------------------------------------
[Test worker] ERROR  - 
           __  _____ _____ ____ _____   _____ _    ___ _     _____ ____  
  _       / / |_   _| ____/ ___|_   _| |  ___/ \  |_ _| |   | ____|  _ \ 
 (_)_____| |    | | |  _| \___ \ | |   | |_ / _ \  | || |   |  _| | | | |
  _|_____| |    | | | |___ ___) || |   |  _/ ___ \ | || |___| |___| |_| |
 (_)     | |    |_| |_____|____/ |_|   |_|/_/   \_\___|_____|_____|____/ 
          \_\                                                            

Validar ingreso de valores numericos
--------------------------------------------------------------------------
[Test worker] ERROR  -     Test failed at step: A valid response is returned
[Test worker] ERROR  -     1 expectation failed.Expected status code <400> but was <201>.
[Test worker] INFO  - 
 _____ _____ ____ _____   ____ _____  _    ____ _____ _____ ____  
|_   _| ____/ ___|_   _| / ___|_   _|/ \  |  _ \_   _| ____|  _ \ 
  | | |  _| \___ \ | |   \___ \ | | / _ \ | |_) || | |  _| | | | |
  | | | |___ ___) || |    ___) || |/ ___ \|  _ < | | | |___| |_| |
  |_| |_____|____/ |_|   |____/ |_/_/   \_\_| \_\|_| |_____|____/ 

Valadacion <nombreEscenario>(validar-endpoint-de-registros;valadacion-<nombreescenario>)
-------------------------------------------------------------------
[Test worker] INFO  - 
        __    _____ _____ ____ _____   ____   _    ____  ____  _____ ____  
  _     \ \  |_   _| ____/ ___|_   _| |  _ \ / \  / ___|/ ___|| ____|  _ \ 
 (_)_____| |   | | |  _| \___ \ | |   | |_) / _ \ \___ \\___ \|  _| | | | |
  _|_____| |   | | | |___ ___) || |   |  __/ ___ \ ___) |___) | |___| |_| |
 (_)     | |   |_| |_____|____/ |_|   |_| /_/   \_\____/|____/|_____|____/ 
        /_/                                                                

Valadacion <nombreEscenario>
----------------------------------------------------------------------------
[Test worker] INFO  - 
        __    _____ _____ ____ _____   ____   _    ____  ____  _____ ____  
  _     \ \  |_   _| ____/ ___|_   _| |  _ \ / \  / ___|/ ___|| ____|  _ \ 
 (_)_____| |   | | |  _| \___ \ | |   | |_) / _ \ \___ \\___ \|  _| | | | |
  _|_____| |   | | | |___ ___) || |   |  __/ ___ \ ___) |___) | |___| |_| |
 (_)     | |   |_| |_____|____/ |_|   |_| /_/   \_\____/|____/|_____|____/ 
        /_/                                                                

Valadacion <nombreEscenario>
----------------------------------------------------------------------------
[Test worker] WARN io.cucumber.junit.CucumberSerenityRunner - By default Cucumber is running in --non-strict mode.
This default will change to --strict and --non-strict will be removed.
You can use --strict or @CucumberOptions(strict = true) to suppress this warning
[Test worker] INFO  - Test Suite Started: Validar endpoint del login
[Test worker] INFO  - 
 _____ _____ ____ _____   ____ _____  _    ____ _____ _____ ____  
|_   _| ____/ ___|_   _| / ___|_   _|/ \  |  _ \_   _| ____|  _ \ 
  | | |  _| \___ \ | |   \___ \ | | / _ \ | |_) || | |  _| | | | |
  | | | |___ ___) || |    ___) || |/ ___ \|  _ < | | | |___| |_| |
  |_| |_____|____/ |_|   |____/ |_/_/   \_\_| \_\|_| |_____|____/ 

Consumir login como <nombreEscenario> correctmante(validar-endpoint-del-login;consumir-login-como-<nombreescenario>-correctmante)
-------------------------------------------------------------------
[Test worker] INFO  - 
        __    _____ _____ ____ _____   ____   _    ____  ____  _____ ____  
  _     \ \  |_   _| ____/ ___|_   _| |  _ \ / \  / ___|/ ___|| ____|  _ \ 
 (_)_____| |   | | |  _| \___ \ | |   | |_) / _ \ \___ \\___ \|  _| | | | |
  _|_____| |   | | | |___ ___) || |   |  __/ ___ \ ___) |___) | |___| |_| |
 (_)     | |   |_| |_____|____/ |_|   |_| /_/   \_\____/|____/|_____|____/ 
        /_/                                                                

Consumir login como <nombreEscenario> correctmante
----------------------------------------------------------------------------
[Test worker] INFO  - 
        __    _____ _____ ____ _____   ____   _    ____  ____  _____ ____  
  _     \ \  |_   _| ____/ ___|_   _| |  _ \ / \  / ___|/ ___|| ____|  _ \ 
 (_)_____| |   | | |  _| \___ \ | |   | |_) / _ \ \___ \\___ \|  _| | | | |
  _|_____| |   | | | |___ ___) || |   |  __/ ___ \ ___) |___) | |___| |_| |
 (_)     | |   |_| |_____|____/ |_|   |_| /_/   \_\____/|____/|_____|____/ 
        /_/                                                                

Consumir login como <nombreEscenario> correctmante
----------------------------------------------------------------------------
[Test worker] INFO  - 
 _____ _____ ____ _____   ____ _____  _    ____ _____ _____ ____  
|_   _| ____/ ___|_   _| / ___|_   _|/ \  |  _ \_   _| ____|  _ \ 
  | | |  _| \___ \ | |   \___ \ | | / _ \ | |_) || | |  _| | | | |
  | | | |___ ___) || |    ___) || |/ ___ \|  _ < | | | |___| |_| |
  |_| |_____|____/ |_|   |____/ |_/_/   \_\_| \_\|_| |_____|____/ 

Validar header response de <nombreEscenario>(validar-endpoint-del-login;validar-header-response-de-<nombreescenario>)
-------------------------------------------------------------------
[Test worker] INFO  - 
        __    _____ _____ ____ _____   ____   _    ____  ____  _____ ____  
  _     \ \  |_   _| ____/ ___|_   _| |  _ \ / \  / ___|/ ___|| ____|  _ \ 
 (_)_____| |   | | |  _| \___ \ | |   | |_) / _ \ \___ \\___ \|  _| | | | |
  _|_____| |   | | | |___ ___) || |   |  __/ ___ \ ___) |___) | |___| |_| |
 (_)     | |   |_| |_____|____/ |_|   |_| /_/   \_\____/|____/|_____|____/ 
        /_/                                                                

Validar header response de <nombreEscenario>
----------------------------------------------------------------------------
[Test worker] INFO  - 
        __    _____ _____ ____ _____   ____   _    ____  ____  _____ ____  
  _     \ \  |_   _| ____/ ___|_   _| |  _ \ / \  / ___|/ ___|| ____|  _ \ 
 (_)_____| |   | | |  _| \___ \ | |   | |_) / _ \ \___ \\___ \|  _| | | | |
  _|_____| |   | | | |___ ___) || |   |  __/ ___ \ ___) |___) | |___| |_| |
 (_)     | |   |_| |_____|____/ |_|   |_| /_/   \_\____/|____/|_____|____/ 
        /_/                                                                

Validar header response de <nombreEscenario>
----------------------------------------------------------------------------
[Test worker] INFO  - 
 _____ _____ ____ _____   ____ _____  _    ____ _____ _____ ____  
|_   _| ____/ ___|_   _| / ___|_   _|/ \  |  _ \_   _| ____|  _ \ 
  | | |  _| \___ \ | |   \___ \ | | / _ \ | |_) || | |  _| | | | |
  | | | |___ ___) || |    ___) || |/ ___ \|  _ < | | | |___| |_| |
  |_| |_____|____/ |_|   |____/ |_/_/   \_\_| \_\|_| |_____|____/ 

validar esquema response <nombreEscenario>(validar-endpoint-del-login;validar-esquema-response-<nombreescenario>)
-------------------------------------------------------------------
[Test worker] INFO  - 
        __    _____ _____ ____ _____   ____   _    ____  ____  _____ ____  
  _     \ \  |_   _| ____/ ___|_   _| |  _ \ / \  / ___|/ ___|| ____|  _ \ 
 (_)_____| |   | | |  _| \___ \ | |   | |_) / _ \ \___ \\___ \|  _| | | | |
  _|_____| |   | | | |___ ___) || |   |  __/ ___ \ ___) |___) | |___| |_| |
 (_)     | |   |_| |_____|____/ |_|   |_| /_/   \_\____/|____/|_____|____/ 
        /_/                                                                

validar esquema response <nombreEscenario>
----------------------------------------------------------------------------
[Test worker] INFO  - 
        __    _____ _____ ____ _____   ____   _    ____  ____  _____ ____  
  _     \ \  |_   _| ____/ ___|_   _| |  _ \ / \  / ___|/ ___|| ____|  _ \ 
 (_)_____| |   | | |  _| \___ \ | |   | |_) / _ \ \___ \\___ \|  _| | | | |
  _|_____| |   | | | |___ ___) || |   |  __/ ___ \ ___) |___) | |___| |_| |
 (_)     | |   |_| |_____|____/ |_|   |_| /_/   \_\____/|____/|_____|____/ 
        /_/                                                                

validar esquema response <nombreEscenario>
----------------------------------------------------------------------------
[Test worker] INFO  - 
 _____ _____ ____ _____   ____ _____  _    ____ _____ _____ ____  
|_   _| ____/ ___|_   _| / ___|_   _|/ \  |  _ \_   _| ____|  _ \ 
  | | |  _| \___ \ | |   \___ \ | | / _ \ | |_) || | |  _| | | | |
  | | | |___ ___) || |    ___) || |/ ___ \|  _ < | | | |___| |_| |
  |_| |_____|____/ |_|   |____/ |_/_/   \_\_| \_\|_| |_____|____/ 

usuario no existe(validar-endpoint-del-login;usuario-no-existe)
-------------------------------------------------------------------
[Test worker] INFO  - 
        __    _____ _____ ____ _____   ____   _    ____  ____  _____ ____  
  _     \ \  |_   _| ____/ ___|_   _| |  _ \ / \  / ___|/ ___|| ____|  _ \ 
 (_)_____| |   | | |  _| \___ \ | |   | |_) / _ \ \___ \\___ \|  _| | | | |
  _|_____| |   | | | |___ ___) || |   |  __/ ___ \ ___) |___) | |___| |_| |
 (_)     | |   |_| |_____|____/ |_|   |_| /_/   \_\____/|____/|_____|____/ 
        /_/                                                                

usuario no existe
----------------------------------------------------------------------------
[Test worker] WARN io.cucumber.junit.CucumberSerenityRunner - By default Cucumber is running in --non-strict mode.
This default will change to --strict and --non-strict will be removed.
You can use --strict or @CucumberOptions(strict = true) to suppress this warning
[Test worker] INFO  - Test Suite Started: Validar endpoint de listado de usuarios
[Test worker] INFO  - 
 _____ _____ ____ _____   ____ _____  _    ____ _____ _____ ____  
|_   _| ____/ ___|_   _| / ___|_   _|/ \  |  _ \_   _| ____|  _ \ 
  | | |  _| \___ \ | |   \___ \ | | / _ \ | |_) || | |  _| | | | |
  | | | |___ ___) || |    ___) || |/ ___ \|  _ < | | | |___| |_| |
  |_| |_____|____/ |_|   |____/ |_/_/   \_\_| \_\|_| |_____|____/ 

consultar lista de usuarios como <nombreEscenario> correctmante(validar-endpoint-de-listado-de-usuarios;consultar-lista-de-usuarios-como-<nombreescenario>-correctmante)
-------------------------------------------------------------------
[Test worker] INFO  - 
        __    _____ _____ ____ _____   ____   _    ____  ____  _____ ____  
  _     \ \  |_   _| ____/ ___|_   _| |  _ \ / \  / ___|/ ___|| ____|  _ \ 
 (_)_____| |   | | |  _| \___ \ | |   | |_) / _ \ \___ \\___ \|  _| | | | |
  _|_____| |   | | | |___ ___) || |   |  __/ ___ \ ___) |___) | |___| |_| |
 (_)     | |   |_| |_____|____/ |_|   |_| /_/   \_\____/|____/|_____|____/ 
        /_/                                                                

consultar lista de usuarios como <nombreEscenario> correctmante
----------------------------------------------------------------------------
[Test worker] INFO  - 
        __    _____ _____ ____ _____   ____   _    ____  ____  _____ ____  
  _     \ \  |_   _| ____/ ___|_   _| |  _ \ / \  / ___|/ ___|| ____|  _ \ 
 (_)_____| |   | | |  _| \___ \ | |   | |_) / _ \ \___ \\___ \|  _| | | | |
  _|_____| |   | | | |___ ___) || |   |  __/ ___ \ ___) |___) | |___| |_| |
 (_)     | |   |_| |_____|____/ |_|   |_| /_/   \_\____/|____/|_____|____/ 
        /_/                                                                

consultar lista de usuarios como <nombreEscenario> correctmante
----------------------------------------------------------------------------
[Test worker] INFO  - 
 _____ _____ ____ _____   ____ _____  _    ____ _____ _____ ____  
|_   _| ____/ ___|_   _| / ___|_   _|/ \  |  _ \_   _| ____|  _ \ 
  | | |  _| \___ \ | |   \___ \ | | / _ \ | |_) || | |  _| | | | |
  | | | |___ ___) || |    ___) || |/ ___ \|  _ < | | | |___| |_| |
  |_| |_____|____/ |_|   |____/ |_/_/   \_\_| \_\|_| |_____|____/ 

validar el esquema de la respuesta del servicio(validar-endpoint-de-listado-de-usuarios;validar-el-esquema-de-la-respuesta-del-servicio)
-------------------------------------------------------------------
[Test worker] ERROR  - 
           __  _____ _____ ____ _____   _____ _    ___ _     _____ ____  
  _       / / |_   _| ____/ ___|_   _| |  ___/ \  |_ _| |   | ____|  _ \ 
 (_)_____| |    | | |  _| \___ \ | |   | |_ / _ \  | || |   |  _| | | | |
  _|_____| |    | | | |___ ___) || |   |  _/ ___ \ | || |___| |___| |_| |
 (_)     | |    |_| |_____|____/ |_|   |_|/_/   \_\___|_____|_____|____/ 
          \_\                                                            

validar el esquema de la respuesta del servicio
--------------------------------------------------------------------------
[Test worker] ERROR  -     Test failed at step: A valid response is returned
[Test worker] ERROR  -     1 expectation failed.Response body doesn't match expectation.Expected: The content to match the given JSON schema.warning: the following keywords are unknown and will be ignored: [$id, examples]    level: "warning"    schema: {"loadingURI":"file:/D:/wolox/build/resources/test/listadoUsuarioSchema.json#","pointer":""}    domain: "syntax"    ignored: ["$id","examples"]warning: the following keywords are unknown and will be ignored: [$id, examples]    level: "warning"    schema: {"loadingURI":"file:/D:/wolox/build/resources/test/listadoUsuarioSchema.json#","pointer":"/properties/count"}    domain: "syntax"    ignored: ["$id","examples"]warning: the following keywords are unknown and will be ignored: [$id, examples]    level: "warning"    schema: {"loadingURI":"file:/D:/wolox/build/resources/test/listadoUsuarioSchema.json#","pointer":"/properties/current_page"}    domain: "syntax"    ignored: ["$id","examples"]warning: the following keywords are unknown and will be ignored: [$id, examples]    level: "warning"    schema: {"loadingURI":"file:/D:/wolox/build/resources/test/listadoUsuarioSchema.json#","pointer":"/properties/current_page_link"}    domain: "syntax"    ignored: ["$id","examples"]warning: the following keywords are unknown and will be ignored: [$id, examples]    level: "warning"    schema: {"loadingURI":"file:/D:/wolox/build/resources/test/listadoUsuarioSchema.json#","pointer":"/properties/first_page_link"}    domain: "syntax"    ignored: ["$id","examples"]warning: the following keywords are unknown and will be ignored: [$id, examples]    level: "warning"    schema: {"loadingURI":"file:/D:/wolox/build/resources/test/listadoUsuarioSchema.json#","pointer":"/properties/last_page_link"}    domain: "syntax"    ignored: ["$id","examples"]warning: the following keywords are unknown and will be ignored: [$id, examples]    level: "warning"    schema: {"loadingURI":"file:/D:/wolox/build/resources/test/listadoUsuarioSchema.json#","pointer":"/properties/limit"}    domain: "syntax"    ignored: ["$id","examples"]warning: the following keywords are unknown and will be ignored: [$id, examples]    level: "warning"    schema: {"loadingURI":"file:/D:/wolox/build/resources/test/listadoUsuarioSchema.json#","pointer":"/properties_page_link"}    domain: "syntax"    ignored: ["$id","examples"]warning: the following keywords are unknown and will be ignored: [$id, examples]    level: "warning"    schema: {"loadingURI":"file:/D:/wolox/build/resources/test/listadoUsuarioSchema.json#","pointer":"/propertiesext_page"}    domain: "syntax"    ignored: ["$id","examples"]warning: the following keywords are unknown and will be ignored: [$id, examples]    level: "warning"    schema: {"loadingURI":"file:/D:/wolox/build/resources/test/listadoUsuarioSchema.json#","pointer":"/propertiesext_page_link"}    domain: "syntax"    ignored: ["$id","examples"]warning: the following keywords are unknown and will be ignored: [$id, examples]    level: "warning"    schema: {"loadingURI":"file:/D:/wolox/build/resources/test/listadoUsuarioSchema.json#","pointer":"/properties/offset"}    domain: "syntax"    ignored: ["$id","examples"]warning: the following keywords are unknown and will be ignored: [$id, examples]    level: "warning"    schema: {"loadingURI":"file:/D:/wolox/build/resources/test/listadoUsuarioSchema.json#","pointer":"/properties/page"}    domain: "syntax"    ignored: ["$id","examples"]warning: the following keywords are unknown and will be ignored: [$id]    level: "warning"    schema: {"loadingURI":"file:/D:/wolox/build/resources/test/listadoUsuarioSchema.json#","pointer":"/properties/page/items"}    domain: "syntax"    ignored: ["$id"]warning: the following keywords are unknown and will be ignored: [$id, examples]    level: "warning"    schema: {"loadingURI":"file:/D:/wolox/build/resources/test/listadoUsuarioSchema.json#","pointer":"/properties/page/items/anyOf/0"}    domain: "syntax"    ignored: ["$id","examples"]warning: the following keywords are unknown and will be ignored: [$id, examples]    level: "warning"    schema: {"loadingURI":"file:/D:/wolox/build/resources/test/listadoUsuarioSchema.json#","pointer":"/properties/page/items/anyOf/0/properties/email"}    domain: "syntax"    ignored: ["$id","examples"]warning: the following keywords are unknown and will be ignored: [$id, examples]    level: "warning"    schema: {"loadingURI":"file:/D:/wolox/build/resources/test/listadoUsuarioSchema.json#","pointer":"/properties/page/items/anyOf/0/properties/first_name"}    domain: "syntax"    ignored: ["$id","examples"]warning: the following keywords are unknown and will be ignored: [$id, examples]    level: "warning"    schema: {"loadingURI":"file:/D:/wolox/build/resources/test/listadoUsuarioSchema.json#","pointer":"/properties/page/items/anyOf/0/properties/last_name"}    domain: "syntax"    ignored: ["$id","examples"]warning: the following keywords are unknown and will be ignored: [$id, examples]    level: "warning"    schema: {"loadingURI":"file:/D:/wolox/build/resources/test/listadoUsuarioSchema.json#","pointer":"/properties/page/items/anyOf/0/properties/role"}    domain: "syntax"    ignored: ["$id","examples"]warning: the following keywords are unknown and will be ignored: [$id, examples]    level: "warning"    schema: {"loadingURI":"file:/D:/wolox/build/resources/test/listadoUsuarioSchema.json#","pointer":"/properties/previous_page"}    domain: "syntax"    ignored: ["$id","examples"]warning: the following keywords are unknown and will be ignored: [$id, examples]    level: "warning"    schema: {"loadingURI":"file:/D:/wolox/build/resources/test/listadoUsuarioSchema.json#","pointer":"/properties/previous_page_link"}    domain: "syntax"    ignored: ["$id","examples"]warning: the following keywords are unknown and will be ignored: [$id, examples]    level: "warning"    schema: {"loadingURI":"file:/D:/wolox/build/resources/test/listadoUsuarioSchema.json#","pointer":"/properties/total_count"}    domain: "syntax"    ignored: ["$id","examples"]warning: the following keywords are unknown and will be ignored: [$id, examples]    level: "warning"    schema: {"loadingURI":"file:/D:/wolox/build/resources/test/listadoUsuarioSchema.json#","pointer":"/properties/total_pages"}    domain: "syntax"    ignored: ["$id","examples"]error: object has missing required properties (["current_page_link","first_page_link","last_page_link","n_page_link","next_page_link","previous_page_link"])    level: "error"    schema: {"loadingURI":"file:/D:/wolox/build/resources/test/listadoUsuarioSchema.json#","pointer":""}    instance: {"pointer":""}    domain: "validation"    keyword: "required"    required: ["count","current_page","current_page_link","first_page_link","last_page_link","limit","n_page_link","next_page","next_page_link","offset","page","previous_page","previous_page_link","total_count","total_pages"]    missing: ["current_page_link","first_page_link","last_page_link","n_page_link","next_page_link","previous_page_link"]  Actual: {"total_count":302,"count":10,"total_pages":31,"limit":10,"offset":0,"current_page":1,"page":[{"first_name":"Hernan","last_name":"Garcia98","email":"hernan003@wolox.com.ar","role":"regular"},{"first_name":"Hernan","last_name":"Garcia","email":"hernan000@wolox.com.ar","role":"regular"},{"first_name":"Ricardo","last_name":"Pantoja","email":"emilia.nava@wolox.com.ar","role":"regular"},{"first_name":"Hernan","last_name":"Garcia","email":"h6@wolox.com.ar","role":"regular"},{"first_name":"5","last_name":"4","email":"alfredo.cedillo@wolox.com.ar","role":"regular"},{"first_name":"Tomás","last_name":"Griego","email":"mayte.aguilera@wolox.com.ar","role":"regular"},{"first_name":"Jose Antonio","last_name":"Bermudez","email":"jose.beruda@wolox.com.ar","role":"regular"},{"first_name":"Juan","last_name":"Perez","email":"jperez@wolox.com.ar","role":"regular"},{"first_name":"Hernan","last_name":"Garcia","email":"h7@wolox.com.ar","role":"regular"},{"first_name":"1","last_name":"4","email":"miguel.contreras@wolox.com.ar","role":"regular"}],"previous_page":null,"next_page":2}
[Test worker] ERROR  - 
           __  _____ _____ ____ _____   _____ _    ___ _     _____ ____  
  _       / / |_   _| ____/ ___|_   _| |  ___/ \  |_ _| |   | ____|  _ \ 
 (_)_____| |    | | |  _| \___ \ | |   | |_ / _ \  | || |   |  _| | | | |
  _|_____| |    | | | |___ ___) || |   |  _/ ___ \ | || |___| |___| |_| |
 (_)     | |    |_| |_____|____/ |_|   |_|/_/   \_\___|_____|_____|____/ 
          \_\                                                            

validar el esquema de la respuesta del servicio
--------------------------------------------------------------------------
[Test worker] ERROR  -     Test failed at step: A valid response is returned
[...]
[Test worker] WARN io.cucumber.junit.CucumberSerenityRunner - By default Cucumber is running in --non-strict mode.
This default will change to --strict and --non-strict will be removed.
You can use --strict or @CucumberOptions(strict = true) to suppress this warning
[Test worker] INFO  - Test Suite Started: Validar endpoint de albumes comprados
[Test worker] INFO  - 
 _____ _____ ____ _____   ____ _____  _    ____ _____ _____ ____  
|_   _| ____/ ___|_   _| / ___|_   _|/ \  |  _ \_   _| ____|  _ \ 
  | | |  _| \___ \ | |   \___ \ | | / _ \ | |_) || | |  _| | | | |
  | | | |___ ___) || |    ___) || |/ ___ \|  _ < | | | |___| |_| |
  |_| |_____|____/ |_|   |____/ |_/_/   \_\_| \_\|_| |_____|____/ 

consultar albumes comprados correctmante(validar-endpoint-de-albumes-comprados;consultar-albumes-comprados-correctmante)
-------------------------------------------------------------------
[Test worker] INFO  - 
        __    _____ _____ ____ _____   ____   _    ____  ____  _____ ____  
  _     \ \  |_   _| ____/ ___|_   _| |  _ \ / \  / ___|/ ___|| ____|  _ \ 
 (_)_____| |   | | |  _| \___ \ | |   | |_) / _ \ \___ \\___ \|  _| | | | |
  _|_____| |   | | | |___ ___) || |   |  __/ ___ \ ___) |___) | |___| |_| |
 (_)     | |   |_| |_____|____/ |_|   |_| /_/   \_\____/|____/|_____|____/ 
        /_/                                                                

consultar albumes comprados correctmante
----------------------------------------------------------------------------
[Test worker] INFO  - 
        __    _____ _____ ____ _____   ____   _    ____  ____  _____ ____  
  _     \ \  |_   _| ____/ ___|_   _| |  _ \ / \  / ___|/ ___|| ____|  _ \ 
 (_)_____| |   | | |  _| \___ \ | |   | |_) / _ \ \___ \\___ \|  _| | | | |
  _|_____| |   | | | |___ ___) || |   |  __/ ___ \ ___) |___) | |___| |_| |
 (_)     | |   |_| |_____|____/ |_|   |_| /_/   \_\____/|____/|_____|____/ 
        /_/                                                                

consultar albumes comprados correctmante
----------------------------------------------------------------------------
[Test worker] INFO  - 
 _____ _____ ____ _____   ____ _____  _    ____ _____ _____ ____  
|_   _| ____/ ___|_   _| / ___|_   _|/ \  |  _ \_   _| ____|  _ \ 
  | | |  _| \___ \ | |   \___ \ | | / _ \ | |_) || | |  _| | | | |
  | | | |___ ___) || |    ___) || |/ ___ \|  _ < | | | |___| |_| |
  |_| |_____|____/ |_|   |____/ |_/_/   \_\_| \_\|_| |_____|____/ 

validar el esquema con <nombreEscenario>(validar-endpoint-de-albumes-comprados;validar-el-esquema-con-<nombreescenario>)
-------------------------------------------------------------------
[Test worker] INFO  - 
        __    _____ _____ ____ _____   ____   _    ____  ____  _____ ____  
  _     \ \  |_   _| ____/ ___|_   _| |  _ \ / \  / ___|/ ___|| ____|  _ \ 
 (_)_____| |   | | |  _| \___ \ | |   | |_) / _ \ \___ \\___ \|  _| | | | |
  _|_____| |   | | | |___ ___) || |   |  __/ ___ \ ___) |___) | |___| |_| |
 (_)     | |   |_| |_____|____/ |_|   |_| /_/   \_\____/|____/|_____|____/ 
        /_/                                                                

validar el esquema con <nombreEscenario>
----------------------------------------------------------------------------
[Test worker] INFO  - 
        __    _____ _____ ____ _____   ____   _    ____  ____  _____ ____  
  _     \ \  |_   _| ____/ ___|_   _| |  _ \ / \  / ___|/ ___|| ____|  _ \ 
 (_)_____| |   | | |  _| \___ \ | |   | |_) / _ \ \___ \\___ \|  _| | | | |
  _|_____| |   | | | |___ ___) || |   |  __/ ___ \ ___) |___) | |___| |_| |
 (_)     | |   |_| |_____|____/ |_|   |_| /_/   \_\____/|____/|_____|____/ 
        /_/                                                                

validar el esquema con <nombreEscenario>
----------------------------------------------------------------------------
[Test worker] INFO  - 
 _____ _____ ____ _____   ____ _____  _    ____ _____ _____ ____  
|_   _| ____/ ___|_   _| / ___|_   _|/ \  |  _ \_   _| ____|  _ \ 
  | | |  _| \___ \ | |   \___ \ | | / _ \ | |_) || | |  _| | | | |
  | | | |___ ___) || |    ___) || |/ ___ \|  _ < | | | |___| |_| |
  |_| |_____|____/ |_|   |____/ |_/_/   \_\_| \_\|_| |_____|____/ 

validar response(validar-endpoint-de-albumes-comprados;validar-response)
-------------------------------------------------------------------
[Test worker] INFO  - 
        __    _____ _____ ____ _____   ____   _    ____  ____  _____ ____  
  _     \ \  |_   _| ____/ ___|_   _| |  _ \ / \  / ___|/ ___|| ____|  _ \ 
 (_)_____| |   | | |  _| \___ \ | |   | |_) / _ \ \___ \\___ \|  _| | | | |
  _|_____| |   | | | |___ ___) || |   |  __/ ___ \ ___) |___) | |___| |_| |
 (_)     | |   |_| |_____|____/ |_|   |_| /_/   \_\____/|____/|_____|____/ 
        /_/                                                                

validar response
----------------------------------------------------------------------------
[Test worker] INFO  - 
        __    _____ _____ ____ _____   ____   _    ____  ____  _____ ____  
  _     \ \  |_   _| ____/ ___|_   _| |  _ \ / \  / ___|/ ___|| ____|  _ \ 
 (_)_____| |   | | |  _| \___ \ | |   | |_) / _ \ \___ \\___ \|  _| | | | |
  _|_____| |   | | | |___ ___) || |   |  __/ ___ \ ___) |___) | |___| |_| |
 (_)     | |   |_| |_____|____/ |_|   |_| /_/   \_\____/|____/|_____|____/ 
        /_/                                                                

validar response
----------------------------------------------------------------------------
[Test worker] INFO  - 
 _____ _____ ____ _____   ____ _____  _    ____ _____ _____ ____  
|_   _| ____/ ___|_   _| / ___|_   _|/ \  |  _ \_   _| ____|  _ \ 
  | | |  _| \___ \ | |   \___ \ | | / _ \ | |_) || | |  _| | | | |
  | | | |___ ___) || |    ___) || |/ ___ \|  _ < | | | |___| |_| |
  |_| |_____|____/ |_|   |____/ |_/_/   \_\_| \_\|_| |_____|____/ 

Validar token incorrecto(validar-endpoint-de-albumes-comprados;validar-token-incorrecto)
-------------------------------------------------------------------
[Test worker] INFO  - 
        __    _____ _____ ____ _____   ____   _    ____  ____  _____ ____  
  _     \ \  |_   _| ____/ ___|_   _| |  _ \ / \  / ___|/ ___|| ____|  _ \ 
 (_)_____| |   | | |  _| \___ \ | |   | |_) / _ \ \___ \\___ \|  _| | | | |
  _|_____| |   | | | |___ ___) || |   |  __/ ___ \ ___) |___) | |___| |_| |
 (_)     | |   |_| |_____|____/ |_|   |_| /_/   \_\____/|____/|_____|____/ 
        /_/                                                                

Validar token incorrecto
----------------------------------------------------------------------------
[Test worker] INFO  - 
 _____ _____ ____ _____   ____ _____  _    ____ _____ _____ ____  
|_   _| ____/ ___|_   _| / ___|_   _|/ \  |  _ \_   _| ____|  _ \ 
  | | |  _| \___ \ | |   \___ \ | | / _ \ | |_) || | |  _| | | | |
  | | | |___ ___) || |    ___) || |/ ___ \|  _ < | | | |___| |_| |
  |_| |_____|____/ |_|   |____/ |_/_/   \_\_| \_\|_| |_____|____/ 

valdiar squema de error(validar-endpoint-de-albumes-comprados;valdiar-squema-de-error)
-------------------------------------------------------------------
[Test worker] ERROR  - 
           __  _____ _____ ____ _____   _____ _    ___ _     _____ ____  
  _       / / |_   _| ____/ ___|_   _| |  ___/ \  |_ _| |   | ____|  _ \ 
 (_)_____| |    | | |  _| \___ \ | |   | |_ / _ \  | || |   |  _| | | | |
  _|_____| |    | | | |___ ___) || |   |  _/ ___ \ | || |___| |___| |_| |
 (_)     | |    |_| |_____|____/ |_|   |_|/_/   \_\___|_____|_____|____/ 
          \_\                                                            

valdiar squema de error
--------------------------------------------------------------------------
[Test worker] ERROR  -     Test failed at step: A valid response is returned
[Test worker] ERROR  -     1 expectation failed.Response body doesn't match expectation.Expected: The content to match the given JSON schema.warning: the following keywords are unknown and will be ignored: [$id, examples]    level: "warning"    schema: {"loadingURI":"file:/D:/wolox/build/resources/test/errorSchema.json#","pointer":""}    domain: "syntax"    ignored: ["$id","examples"]warning: the following keywords are unknown and will be ignored: [$id, examples]    level: "warning"    schema: {"loadingURI":"file:/D:/wolox/build/resources/test/errorSchema.json#","pointer":"/properties/errors"}    domain: "syntax"    ignored: ["$id","examples"]warning: the following keywords are unknown and will be ignored: [$id]    level: "warning"    schema: {"loadingURI":"file:/D:/wolox/build/resources/test/errorSchema.json#","pointer":"/properties/errors/items"}    domain: "syntax"    ignored: ["$id"]warning: the following keywords are unknown and will be ignored: [$id, examples]    level: "warning"    schema: {"loadingURI":"file:/D:/wolox/build/resources/test/errorSchema.json#","pointer":"/properties/errors/items/anyOf/0"}    domain: "syntax"    ignored: ["$id","examples"]warning: the following keywords are unknown and will be ignored: [$id, examples]    level: "warning"    schema: {"loadingURI":"file:/D:/wolox/build/resources/test/errorSchema.json#","pointer":"/properties/errors/items/anyOf/0/properties/code"}    domain: "syntax"    ignored: ["$id","examples"]warning: the following keywords are unknown and will be ignored: [$id, examples]    level: "warning"    schema: {"loadingURI":"file:/D:/wolox/build/resources/test/errorSchema.json#","pointer":"/properties/errors/items/anyOf/0/properties/message"}    domain: "syntax"    ignored: ["$id","examples"]warning: the following keywords are unknown and will be ignored: [$id, examples]    level: "warning"    schema: {"loadingURI":"file:/D:/wolox/build/resources/test/errorSchema.json#","pointer":"/properties/origin"}    domain: "syntax"    ignored: ["$id","examples"]warning: the following keywords are unknown and will be ignored: [$id, examples]    level: "warning"    schema: {"loadingURI":"file:/D:/wolox/build/resources/test/errorSchema.json#","pointer":"/properties/stack_trace"}    domain: "syntax"    ignored: ["$id","examples"]warning: the following keywords are unknown and will be ignored: [$id, examples]    level: "warning"    schema: {"loadingURI":"file:/D:/wolox/build/resources/test/errorSchema.json#","pointer":"/properties/timestamp"}    domain: "syntax"    ignored: ["$id","examples"]error: object has missing required properties (["origin","stack_trace"])    level: "error"    schema: {"loadingURI":"file:/D:/wolox/build/resources/test/errorSchema.json#","pointer":""}    instance: {"pointer":""}    domain: "validation"    keyword: "required"    required: ["errors","origin","stack_trace","timestamp"]    missing: ["origin","stack_trace"]  Actual: {"errors":[{"code":"authentication_error","message":"Invalid token"}],"timestamp":"2021-04-05T04:23:25.311Z"}
[Test worker] WARN io.cucumber.junit.CucumberSerenityRunner - By default Cucumber is running in --non-strict mode.
This default will change to --strict and --non-strict will be removed.
You can use --strict or @CucumberOptions(strict = true) to suppress this warning
[Test worker] INFO  - Test Suite Started: Validar endpoint de invalidar sesion
[Test worker] INFO  - 
 _____ _____ ____ _____   ____ _____  _    ____ _____ _____ ____  
|_   _| ____/ ___|_   _| / ___|_   _|/ \  |  _ \_   _| ____|  _ \ 
  | | |  _| \___ \ | |   \___ \ | | / _ \ | |_) || | |  _| | | | |
  | | | |___ ___) || |    ___) || |/ ___ \|  _ < | | | |___| |_| |
  |_| |_____|____/ |_|   |____/ |_/_/   \_\_| \_\|_| |_____|____/ 

invalidar otros usuarios como <nombreEscenario>(validar-endpoint-de-invalidar-sesion;invalidar-otros-usuarios-como-<nombreescenario>)
-------------------------------------------------------------------
[Test worker] INFO  - 
        __    _____ _____ ____ _____   ____   _    ____  ____  _____ ____  
  _     \ \  |_   _| ____/ ___|_   _| |  _ \ / \  / ___|/ ___|| ____|  _ \ 
 (_)_____| |   | | |  _| \___ \ | |   | |_) / _ \ \___ \\___ \|  _| | | | |
  _|_____| |   | | | |___ ___) || |   |  __/ ___ \ ___) |___) | |___| |_| |
 (_)     | |   |_| |_____|____/ |_|   |_| /_/   \_\____/|____/|_____|____/ 
        /_/                                                                

invalidar otros usuarios como <nombreEscenario>
----------------------------------------------------------------------------
[Test worker] ERROR  - 
           __  _____ _____ ____ _____   _____ _    ___ _     _____ ____  
  _       / / |_   _| ____/ ___|_   _| |  ___/ \  |_ _| |   | ____|  _ \ 
 (_)_____| |    | | |  _| \___ \ | |   | |_ / _ \  | || |   |  _| | | | |
  _|_____| |    | | | |___ ___) || |   |  _/ ___ \ | || |___| |___| |_| |
 (_)     | |    |_| |_____|____/ |_|   |_|/_/   \_\___|_____|_____|____/ 
          \_\                                                            

invalidar otros usuarios como <nombreEscenario>
--------------------------------------------------------------------------
[Test worker] ERROR  -     Test failed at step: A valid response is returned
[Test worker] ERROR  -     1 expectation failed.Expected status code <422> but was <200>.
[Test worker] INFO  - 
 _____ _____ ____ _____   ____ _____  _    ____ _____ _____ ____  
|_   _| ____/ ___|_   _| / ___|_   _|/ \  |  _ \_   _| ____|  _ \ 
  | | |  _| \___ \ | |   \___ \ | | / _ \ | |_) || | |  _| | | | |
  | | | |___ ___) || |    ___) || |/ ___ \|  _ < | | | |___| |_| |
  |_| |_____|____/ |_|   |____/ |_/_/   \_\_| \_\|_| |_____|____/ 

Validar token incorrecto(validar-endpoint-de-invalidar-sesion;validar-token-incorrecto)
-------------------------------------------------------------------
[Test worker] INFO  - 
        __    _____ _____ ____ _____   ____   _    ____  ____  _____ ____  
  _     \ \  |_   _| ____/ ___|_   _| |  _ \ / \  / ___|/ ___|| ____|  _ \ 
 (_)_____| |   | | |  _| \___ \ | |   | |_) / _ \ \___ \\___ \|  _| | | | |
  _|_____| |   | | | |___ ___) || |   |  __/ ___ \ ___) |___) | |___| |_| |
 (_)     | |   |_| |_____|____/ |_|   |_| /_/   \_\____/|____/|_____|____/ 
        /_/                                                                

Validar token incorrecto
----------------------------------------------------------------------------
[Test worker] INFO  - 
 _____ _____ ____ _____   ____ _____  _    ____ _____ _____ ____  
|_   _| ____/ ___|_   _| / ___|_   _|/ \  |  _ \_   _| ____|  _ \ 
  | | |  _| \___ \ | |   \___ \ | | / _ \ | |_) || | |  _| | | | |
  | | | |___ ___) || |    ___) || |/ ___ \|  _ < | | | |___| |_| |
  |_| |_____|____/ |_|   |____/ |_/_/   \_\_| \_\|_| |_____|____/ 

valdiar squema de error(validar-endpoint-de-invalidar-sesion;valdiar-squema-de-error)
-------------------------------------------------------------------
[Test worker] ERROR  - 
           __  _____ _____ ____ _____   _____ _    ___ _     _____ ____  
  _       / / |_   _| ____/ ___|_   _| |  ___/ \  |_ _| |   | ____|  _ \ 
 (_)_____| |    | | |  _| \___ \ | |   | |_ / _ \  | || |   |  _| | | | |
  _|_____| |    | | | |___ ___) || |   |  _/ ___ \ | || |___| |___| |_| |
 (_)     | |    |_| |_____|____/ |_|   |_|/_/   \_\___|_____|_____|____/ 
          \_\                                                            

valdiar squema de error
--------------------------------------------------------------------------
[Test worker] ERROR  -     Test failed at step: A valid response is returned
[Test worker] ERROR  -     1 expectation failed.Response body doesn't match expectation.Expected: The content to match the given JSON schema.warning: the following keywords are unknown and will be ignored: [$id, examples]    level: "warning"    schema: {"loadingURI":"file:/D:/wolox/build/resources/test/errorSchema.json#","pointer":""}    domain: "syntax"    ignored: ["$id","examples"]warning: the following keywords are unknown and will be ignored: [$id, examples]    level: "warning"    schema: {"loadingURI":"file:/D:/wolox/build/resources/test/errorSchema.json#","pointer":"/properties/errors"}    domain: "syntax"    ignored: ["$id","examples"]warning: the following keywords are unknown and will be ignored: [$id]    level: "warning"    schema: {"loadingURI":"file:/D:/wolox/build/resources/test/errorSchema.json#","pointer":"/properties/errors/items"}    domain: "syntax"    ignored: ["$id"]warning: the following keywords are unknown and will be ignored: [$id, examples]    level: "warning"    schema: {"loadingURI":"file:/D:/wolox/build/resources/test/errorSchema.json#","pointer":"/properties/errors/items/anyOf/0"}    domain: "syntax"    ignored: ["$id","examples"]warning: the following keywords are unknown and will be ignored: [$id, examples]    level: "warning"    schema: {"loadingURI":"file:/D:/wolox/build/resources/test/errorSchema.json#","pointer":"/properties/errors/items/anyOf/0/properties/code"}    domain: "syntax"    ignored: ["$id","examples"]warning: the following keywords are unknown and will be ignored: [$id, examples]    level: "warning"    schema: {"loadingURI":"file:/D:/wolox/build/resources/test/errorSchema.json#","pointer":"/properties/errors/items/anyOf/0/properties/message"}    domain: "syntax"    ignored: ["$id","examples"]warning: the following keywords are unknown and will be ignored: [$id, examples]    level: "warning"    schema: {"loadingURI":"file:/D:/wolox/build/resources/test/errorSchema.json#","pointer":"/properties/origin"}    domain: "syntax"    ignored: ["$id","examples"]warning: the following keywords are unknown and will be ignored: [$id, examples]    level: "warning"    schema: {"loadingURI":"file:/D:/wolox/build/resources/test/errorSchema.json#","pointer":"/properties/stack_trace"}    domain: "syntax"    ignored: ["$id","examples"]warning: the following keywords are unknown and will be ignored: [$id, examples]    level: "warning"    schema: {"loadingURI":"file:/D:/wolox/build/resources/test/errorSchema.json#","pointer":"/properties/timestamp"}    domain: "syntax"    ignored: ["$id","examples"]error: object has missing required properties (["origin","stack_trace"])    level: "error"    schema: {"loadingURI":"file:/D:/wolox/build/resources/test/errorSchema.json#","pointer":""}    instance: {"pointer":""}    domain: "validation"    keyword: "required"    required: ["errors","origin","stack_trace","timestamp"]    missing: ["origin","stack_trace"]  Actual: {"errors":[{"code":"authentication_error","message":"Invalid token"}],"timestamp":"2021-04-05T04:23:28.236Z"}
]]></system-err>
</testsuite>
