<!DOCTYPE html>
<html>
<head>
<meta http-equiv="Content-Type" content="text/html; charset=utf-8"/>
<meta http-equiv="x-ua-compatible" content="IE=edge"/>
<title>Test results - Class Validar endpoint del login</title>
<link href="../css/base-style.css" rel="stylesheet" type="text/css"/>
<link href="../css/style.css" rel="stylesheet" type="text/css"/>
<script src="../js/report.js" type="text/javascript"></script>
</head>
<body>
<div id="content">
<h1>Class Validar endpoint del login</h1>
<div class="breadcrumbs">
<a href="../index.html">all</a> &gt; 
<a href="../packages/default-package.html">default-package</a> &gt; Validar endpoint del login</div>
<div id="summary">
<table>
<tr>
<td>
<div class="summaryGroup">
<table>
<tr>
<td>
<div class="infoBox" id="tests">
<div class="counter">6</div>
<p>tests</p>
</div>
</td>
<td>
<div class="infoBox" id="failures">
<div class="counter">2</div>
<p>failures</p>
</div>
</td>
<td>
<div class="infoBox" id="ignored">
<div class="counter">0</div>
<p>ignored</p>
</div>
</td>
<td>
<div class="infoBox" id="duration">
<div class="counter">6.203s</div>
<p>duration</p>
</div>
</td>
</tr>
</table>
</div>
</td>
<td>
<div class="infoBox failures" id="successRate">
<div class="percent">66%</div>
<p>successful</p>
</div>
</td>
</tr>
</table>
</div>
<div id="tabs">
<ul class="tabLinks">
<li>
<a href="#tab0">Failed tests</a>
</li>
<li>
<a href="#tab1">Tests</a>
</li>
<li>
<a href="#tab2">Standard output</a>
</li>
<li>
<a href="#tab3">Standard error</a>
</li>
</ul>
<div id="tab0" class="tab">
<h2>Failed tests</h2>
<div class="test">
<a name="squema"></a>
<h3 class="failures">squema</h3>
<span class="code">
<pre>java.lang.AssertionError: 1 expectation failed.
Response body doesn't match expectation.
Expected: The content to match the given JSON schema.
warning: the following keywords are unknown and will be ignored: [$id, examples]
    level: &quot;warning&quot;
    schema: {&quot;loadingURI&quot;:&quot;file:/D:/wolox/build/resources/test/loginSchema.json#&quot;,&quot;pointer&quot;:&quot;&quot;}
    domain: &quot;syntax&quot;
    ignored: [&quot;$id&quot;,&quot;examples&quot;]
warning: the following keywords are unknown and will be ignored: [$id, examples]
    level: &quot;warning&quot;
    schema: {&quot;loadingURI&quot;:&quot;file:/D:/wolox/build/resources/test/loginSchema.json#&quot;,&quot;pointer&quot;:&quot;/properties/token_expires_at&quot;}
    domain: &quot;syntax&quot;
    ignored: [&quot;$id&quot;,&quot;examples&quot;]
warning: the following keywords are unknown and will be ignored: [$id, examples]
    level: &quot;warning&quot;
    schema: {&quot;loadingURI&quot;:&quot;file:/D:/wolox/build/resources/test/loginSchema.json#&quot;,&quot;pointer&quot;:&quot;/properties/user_id&quot;}
    domain: &quot;syntax&quot;
    ignored: [&quot;$id&quot;,&quot;examples&quot;]
warning: the following keywords are unknown and will be ignored: [$id, examples]
    level: &quot;warning&quot;
    schema: {&quot;loadingURI&quot;:&quot;file:/D:/wolox/build/resources/test/loginSchema.json#&quot;,&quot;pointer&quot;:&quot;/properties/token_expires_at&quot;}
    domain: &quot;syntax&quot;
    ignored: [&quot;$id&quot;,&quot;examples&quot;]
error: instance type (string) does not match any allowed primitive type (allowed: [&quot;integer&quot;,&quot;number&quot;])
    level: &quot;error&quot;
    schema: {&quot;loadingURI&quot;:&quot;file:/D:/wolox/build/resources/test/loginSchema.json#&quot;,&quot;pointer&quot;:&quot;/properties/token_expires_at&quot;}
    instance: {&quot;pointer&quot;:&quot;/token_expires_at&quot;}
    domain: &quot;validation&quot;
    keyword: &quot;type&quot;
    found: &quot;string&quot;
    expected: [&quot;integer&quot;,&quot;number&quot;]
warning: the following keywords are unknown and will be ignored: [$id, examples]
    level: &quot;warning&quot;
    schema: {&quot;loadingURI&quot;:&quot;file:/D:/wolox/build/resources/test/loginSchema.json#&quot;,&quot;pointer&quot;:&quot;/properties/user_id&quot;}
    domain: &quot;syntax&quot;
    ignored: [&quot;$id&quot;,&quot;examples&quot;]

  Actual: {&quot;user_id&quot;:146,&quot;token_expires_at&quot;:&quot;1617346348.206&quot;}

	at net.serenitybdd.screenplay.ErrorTally.throwSummaryExceptionFrom(ErrorTally.java:36)
	at net.serenitybdd.screenplay.ErrorTally.reportAnyErrors(ErrorTally.java:30)
	at net.serenitybdd.screenplay.Actor.should(Actor.java:316)
	at com.prueba.stepdefinitions.LoginStepDefinition.validoElEsquemaDelResponse(LoginStepDefinition.java:37)
	at ✽.valido el esquema del response(file:///D:/wolox/src/test/resources/com/prueba/features/login.feature:39)
</pre>
</span>
</div>
<div class="test">
<a name="squema"></a>
<h3 class="failures">squema</h3>
<span class="code">
<pre>java.lang.AssertionError: 1 expectation failed.
Response body doesn't match expectation.
Expected: The content to match the given JSON schema.
warning: the following keywords are unknown and will be ignored: [$id, examples]
    level: &quot;warning&quot;
    schema: {&quot;loadingURI&quot;:&quot;file:/D:/wolox/build/resources/test/loginSchema.json#&quot;,&quot;pointer&quot;:&quot;&quot;}
    domain: &quot;syntax&quot;
    ignored: [&quot;$id&quot;,&quot;examples&quot;]
warning: the following keywords are unknown and will be ignored: [$id, examples]
    level: &quot;warning&quot;
    schema: {&quot;loadingURI&quot;:&quot;file:/D:/wolox/build/resources/test/loginSchema.json#&quot;,&quot;pointer&quot;:&quot;/properties/token_expires_at&quot;}
    domain: &quot;syntax&quot;
    ignored: [&quot;$id&quot;,&quot;examples&quot;]
warning: the following keywords are unknown and will be ignored: [$id, examples]
    level: &quot;warning&quot;
    schema: {&quot;loadingURI&quot;:&quot;file:/D:/wolox/build/resources/test/loginSchema.json#&quot;,&quot;pointer&quot;:&quot;/properties/user_id&quot;}
    domain: &quot;syntax&quot;
    ignored: [&quot;$id&quot;,&quot;examples&quot;]
warning: the following keywords are unknown and will be ignored: [$id, examples]
    level: &quot;warning&quot;
    schema: {&quot;loadingURI&quot;:&quot;file:/D:/wolox/build/resources/test/loginSchema.json#&quot;,&quot;pointer&quot;:&quot;/properties/token_expires_at&quot;}
    domain: &quot;syntax&quot;
    ignored: [&quot;$id&quot;,&quot;examples&quot;]
error: instance type (string) does not match any allowed primitive type (allowed: [&quot;integer&quot;,&quot;number&quot;])
    level: &quot;error&quot;
    schema: {&quot;loadingURI&quot;:&quot;file:/D:/wolox/build/resources/test/loginSchema.json#&quot;,&quot;pointer&quot;:&quot;/properties/token_expires_at&quot;}
    instance: {&quot;pointer&quot;:&quot;/token_expires_at&quot;}
    domain: &quot;validation&quot;
    keyword: &quot;type&quot;
    found: &quot;string&quot;
    expected: [&quot;integer&quot;,&quot;number&quot;]
warning: the following keywords are unknown and will be ignored: [$id, examples]
    level: &quot;warning&quot;
    schema: {&quot;loadingURI&quot;:&quot;file:/D:/wolox/build/resources/test/loginSchema.json#&quot;,&quot;pointer&quot;:&quot;/properties/user_id&quot;}
    domain: &quot;syntax&quot;
    ignored: [&quot;$id&quot;,&quot;examples&quot;]

  Actual: {&quot;user_id&quot;:147,&quot;token_expires_at&quot;:&quot;1617346349.116&quot;}

	at net.serenitybdd.screenplay.ErrorTally.throwSummaryExceptionFrom(ErrorTally.java:36)
	at net.serenitybdd.screenplay.ErrorTally.reportAnyErrors(ErrorTally.java:30)
	at net.serenitybdd.screenplay.Actor.should(Actor.java:316)
	at com.prueba.stepdefinitions.LoginStepDefinition.validoElEsquemaDelResponse(LoginStepDefinition.java:37)
	at ✽.valido el esquema del response(file:///D:/wolox/src/test/resources/com/prueba/features/login.feature:39)
</pre>
</span>
</div>
</div>
<div id="tab1" class="tab">
<h2>Tests</h2>
<table>
<thead>
<tr>
<th>Test</th>
<th>Duration</th>
<th>Result</th>
</tr>
</thead>
<tr>
<td class="success">: Consumir login como usuario administrador correctmante</td>
<td class="success">2.908s</td>
<td class="success">passed</td>
</tr>
<tr>
<td class="success">: Consumir login como usuario regular correctmante</td>
<td class="success">0.567s</td>
<td class="success">passed</td>
</tr>
<tr>
<td class="success">Validar header response</td>
<td class="success">0.573s</td>
<td class="success">passed</td>
</tr>
<tr>
<td class="success">Validar header response</td>
<td class="success">0.671s</td>
<td class="success">passed</td>
</tr>
<tr>
<td class="failures">squema</td>
<td class="failures">0.875s</td>
<td class="failures">failed</td>
</tr>
<tr>
<td class="failures">squema</td>
<td class="failures">0.609s</td>
<td class="failures">failed</td>
</tr>
</table>
</div>
<div id="tab2" class="tab">
<h2>Standard output</h2>
<span class="code">
<pre>Feature from file:///D:/wolox/src/test/resources/com/prueba/features/login.feature
Step argument class io.cucumber.core.gherkin.vintage.GherkinVintageDataTableArgument
Feature from file:///D:/wolox/src/test/resources/com/prueba/features/login.feature
Step argument class io.cucumber.core.gherkin.vintage.GherkinVintageDataTableArgument
Feature from file:///D:/wolox/src/test/resources/com/prueba/features/login.feature
Step argument class io.cucumber.core.gherkin.vintage.GherkinVintageDataTableArgument
Feature from file:///D:/wolox/src/test/resources/com/prueba/features/login.feature
Step argument class io.cucumber.core.gherkin.vintage.GherkinVintageDataTableArgument
Feature from file:///D:/wolox/src/test/resources/com/prueba/features/login.feature
Step argument class io.cucumber.core.gherkin.vintage.GherkinVintageDataTableArgument
Feature from file:///D:/wolox/src/test/resources/com/prueba/features/login.feature
Step argument class io.cucumber.core.gherkin.vintage.GherkinVintageDataTableArgument
</pre>
</span>
</div>
<div id="tab3" class="tab">
<h2>Standard error</h2>
<span class="code">
<pre>[Test worker] INFO  - 
 _____ _____ ____ _____   ____ _____  _    ____ _____ _____ ____  
|_   _| ____/ ___|_   _| / ___|_   _|/ \  |  _ \_   _| ____|  _ \ 
  | | |  _| \___ \ | |   \___ \ | | / _ \ | |_) || | |  _| | | | |
  | | | |___ ___) || |    ___) || |/ ___ \|  _ &lt; | | | |___| |_| |
  |_| |_____|____/ |_|   |____/ |_/_/   \_\_| \_\|_| |_____|____/ 

: Consumir login como &lt;nombreEscenario&gt; correctmante(validar-endpoint-del-login;:-consumir-login-como-&lt;nombreescenario&gt;-correctmante)
-------------------------------------------------------------------
[Test worker] INFO  - 
        __    _____ _____ ____ _____   ____   _    ____  ____  _____ ____  
  _     \ \  |_   _| ____/ ___|_   _| |  _ \ / \  / ___|/ ___|| ____|  _ \ 
 (_)_____| |   | | |  _| \___ \ | |   | |_) / _ \ \___ \\___ \|  _| | | | |
  _|_____| |   | | | |___ ___) || |   |  __/ ___ \ ___) |___) | |___| |_| |
 (_)     | |   |_| |_____|____/ |_|   |_| /_/   \_\____/|____/|_____|____/ 
        /_/                                                                

: Consumir login como &lt;nombreEscenario&gt; correctmante
----------------------------------------------------------------------------
[Test worker] INFO  - 
        __    _____ _____ ____ _____   ____   _    ____  ____  _____ ____  
  _     \ \  |_   _| ____/ ___|_   _| |  _ \ / \  / ___|/ ___|| ____|  _ \ 
 (_)_____| |   | | |  _| \___ \ | |   | |_) / _ \ \___ \\___ \|  _| | | | |
  _|_____| |   | | | |___ ___) || |   |  __/ ___ \ ___) |___) | |___| |_| |
 (_)     | |   |_| |_____|____/ |_|   |_| /_/   \_\____/|____/|_____|____/ 
        /_/                                                                

: Consumir login como &lt;nombreEscenario&gt; correctmante
----------------------------------------------------------------------------
[Test worker] INFO  - 
 _____ _____ ____ _____   ____ _____  _    ____ _____ _____ ____  
|_   _| ____/ ___|_   _| / ___|_   _|/ \  |  _ \_   _| ____|  _ \ 
  | | |  _| \___ \ | |   \___ \ | | / _ \ | |_) || | |  _| | | | |
  | | | |___ ___) || |    ___) || |/ ___ \|  _ &lt; | | | |___| |_| |
  |_| |_____|____/ |_|   |____/ |_/_/   \_\_| \_\|_| |_____|____/ 

Validar header response(validar-endpoint-del-login;validar-header-response)
-------------------------------------------------------------------
[Test worker] INFO  - 
        __    _____ _____ ____ _____   ____   _    ____  ____  _____ ____  
  _     \ \  |_   _| ____/ ___|_   _| |  _ \ / \  / ___|/ ___|| ____|  _ \ 
 (_)_____| |   | | |  _| \___ \ | |   | |_) / _ \ \___ \\___ \|  _| | | | |
  _|_____| |   | | | |___ ___) || |   |  __/ ___ \ ___) |___) | |___| |_| |
 (_)     | |   |_| |_____|____/ |_|   |_| /_/   \_\____/|____/|_____|____/ 
        /_/                                                                

Validar header response
----------------------------------------------------------------------------
[Test worker] INFO  - 
        __    _____ _____ ____ _____   ____   _    ____  ____  _____ ____  
  _     \ \  |_   _| ____/ ___|_   _| |  _ \ / \  / ___|/ ___|| ____|  _ \ 
 (_)_____| |   | | |  _| \___ \ | |   | |_) / _ \ \___ \\___ \|  _| | | | |
  _|_____| |   | | | |___ ___) || |   |  __/ ___ \ ___) |___) | |___| |_| |
 (_)     | |   |_| |_____|____/ |_|   |_| /_/   \_\____/|____/|_____|____/ 
        /_/                                                                

Validar header response
----------------------------------------------------------------------------
[Test worker] INFO  - 
 _____ _____ ____ _____   ____ _____  _    ____ _____ _____ ____  
|_   _| ____/ ___|_   _| / ___|_   _|/ \  |  _ \_   _| ____|  _ \ 
  | | |  _| \___ \ | |   \___ \ | | / _ \ | |_) || | |  _| | | | |
  | | | |___ ___) || |    ___) || |/ ___ \|  _ &lt; | | | |___| |_| |
  |_| |_____|____/ |_|   |____/ |_/_/   \_\_| \_\|_| |_____|____/ 

squema(validar-endpoint-del-login;squema)
-------------------------------------------------------------------
[Test worker] ERROR  - 
           __  _____ _____ ____ _____   _____ _    ___ _     _____ ____  
  _       / / |_   _| ____/ ___|_   _| |  ___/ \  |_ _| |   | ____|  _ \ 
 (_)_____| |    | | |  _| \___ \ | |   | |_ / _ \  | || |   |  _| | | | |
  _|_____| |    | | | |___ ___) || |   |  _/ ___ \ | || |___| |___| |_| |
 (_)     | |    |_| |_____|____/ |_|   |_|/_/   \_\___|_____|_____|____/ 
          \_\                                                            

Squema
--------------------------------------------------------------------------
[Test worker] ERROR  -     Test failed at step: A valid response is returned
[Test worker] ERROR  -     1 expectation failed.Response body doesn't match expectation.Expected: The content to match the given JSON schema.warning: the following keywords are unknown and will be ignored: [$id, examples]    level: &quot;warning&quot;    schema: {&quot;loadingURI&quot;:&quot;file:/D:/wolox/build/resources/test/loginSchema.json#&quot;,&quot;pointer&quot;:&quot;&quot;}    domain: &quot;syntax&quot;    ignored: [&quot;$id&quot;,&quot;examples&quot;]warning: the following keywords are unknown and will be ignored: [$id, examples]    level: &quot;warning&quot;    schema: {&quot;loadingURI&quot;:&quot;file:/D:/wolox/build/resources/test/loginSchema.json#&quot;,&quot;pointer&quot;:&quot;/properties/token_expires_at&quot;}    domain: &quot;syntax&quot;    ignored: [&quot;$id&quot;,&quot;examples&quot;]warning: the following keywords are unknown and will be ignored: [$id, examples]    level: &quot;warning&quot;    schema: {&quot;loadingURI&quot;:&quot;file:/D:/wolox/build/resources/test/loginSchema.json#&quot;,&quot;pointer&quot;:&quot;/properties/user_id&quot;}    domain: &quot;syntax&quot;    ignored: [&quot;$id&quot;,&quot;examples&quot;]warning: the following keywords are unknown and will be ignored: [$id, examples]    level: &quot;warning&quot;    schema: {&quot;loadingURI&quot;:&quot;file:/D:/wolox/build/resources/test/loginSchema.json#&quot;,&quot;pointer&quot;:&quot;/properties/token_expires_at&quot;}    domain: &quot;syntax&quot;    ignored: [&quot;$id&quot;,&quot;examples&quot;]error: instance type (string) does not match any allowed primitive type (allowed: [&quot;integer&quot;,&quot;number&quot;])    level: &quot;error&quot;    schema: {&quot;loadingURI&quot;:&quot;file:/D:/wolox/build/resources/test/loginSchema.json#&quot;,&quot;pointer&quot;:&quot;/properties/token_expires_at&quot;}    instance: {&quot;pointer&quot;:&quot;/token_expires_at&quot;}    domain: &quot;validation&quot;    keyword: &quot;type&quot;    found: &quot;string&quot;    expected: [&quot;integer&quot;,&quot;number&quot;]warning: the following keywords are unknown and will be ignored: [$id, examples]    level: &quot;warning&quot;    schema: {&quot;loadingURI&quot;:&quot;file:/D:/wolox/build/resources/test/loginSchema.json#&quot;,&quot;pointer&quot;:&quot;/properties/user_id&quot;}    domain: &quot;syntax&quot;    ignored: [&quot;$id&quot;,&quot;examples&quot;]  Actual: {&quot;user_id&quot;:146,&quot;token_expires_at&quot;:&quot;1617346348.206&quot;}
[Test worker] ERROR  - 
           __  _____ _____ ____ _____   _____ _    ___ _     _____ ____  
  _       / / |_   _| ____/ ___|_   _| |  ___/ \  |_ _| |   | ____|  _ \ 
 (_)_____| |    | | |  _| \___ \ | |   | |_ / _ \  | || |   |  _| | | | |
  _|_____| |    | | | |___ ___) || |   |  _/ ___ \ | || |___| |___| |_| |
 (_)     | |    |_| |_____|____/ |_|   |_|/_/   \_\___|_____|_____|____/ 
          \_\                                                            

Squema
--------------------------------------------------------------------------
[Test worker] ERROR  -     Test failed at step: A valid response is returned
[Test worker] ERROR  -     1 expectation failed.Response body doesn't match expectation.Expected: The content to match the given JSON schema.warning: the following keywords are unknown and will be ignored: [$id, examples]    level: &quot;warning&quot;    schema: {&quot;loadingURI&quot;:&quot;file:/D:/wolox/build/resources/test/loginSchema.json#&quot;,&quot;pointer&quot;:&quot;&quot;}    domain: &quot;syntax&quot;    ignored: [&quot;$id&quot;,&quot;examples&quot;]warning: the following keywords are unknown and will be ignored: [$id, examples]    level: &quot;warning&quot;    schema: {&quot;loadingURI&quot;:&quot;file:/D:/wolox/build/resources/test/loginSchema.json#&quot;,&quot;pointer&quot;:&quot;/properties/token_expires_at&quot;}    domain: &quot;syntax&quot;    ignored: [&quot;$id&quot;,&quot;examples&quot;]warning: the following keywords are unknown and will be ignored: [$id, examples]    level: &quot;warning&quot;    schema: {&quot;loadingURI&quot;:&quot;file:/D:/wolox/build/resources/test/loginSchema.json#&quot;,&quot;pointer&quot;:&quot;/properties/user_id&quot;}    domain: &quot;syntax&quot;    ignored: [&quot;$id&quot;,&quot;examples&quot;]warning: the following keywords are unknown and will be ignored: [$id, examples]    level: &quot;warning&quot;    schema: {&quot;loadingURI&quot;:&quot;file:/D:/wolox/build/resources/test/loginSchema.json#&quot;,&quot;pointer&quot;:&quot;/properties/token_expires_at&quot;}    domain: &quot;syntax&quot;    ignored: [&quot;$id&quot;,&quot;examples&quot;]error: instance type (string) does not match any allowed primitive type (allowed: [&quot;integer&quot;,&quot;number&quot;])    level: &quot;error&quot;    schema: {&quot;loadingURI&quot;:&quot;file:/D:/wolox/build/resources/test/loginSchema.json#&quot;,&quot;pointer&quot;:&quot;/properties/token_expires_at&quot;}    instance: {&quot;pointer&quot;:&quot;/token_expires_at&quot;}    domain: &quot;validation&quot;    keyword: &quot;type&quot;    found: &quot;string&quot;    expected: [&quot;integer&quot;,&quot;number&quot;]warning: the following keywords are unknown and will be ignored: [$id, examples]    level: &quot;warning&quot;    schema: {&quot;loadingURI&quot;:&quot;file:/D:/wolox/build/resources/test/loginSchema.json#&quot;,&quot;pointer&quot;:&quot;/properties/user_id&quot;}    domain: &quot;syntax&quot;    ignored: [&quot;$id&quot;,&quot;examples&quot;]  Actual: {&quot;user_id&quot;:146,&quot;token_expires_at&quot;:&quot;1617346348.206&quot;}
</pre>
</span>
</div>
</div>
<div id="footer">
<p>
<div>
<label class="hidden" id="label-for-line-wrapping-toggle" for="line-wrapping-toggle">Wrap lines
<input id="line-wrapping-toggle" type="checkbox" autocomplete="off"/>
</label>
</div>Generated by 
<a href="http://www.gradle.org">Gradle 6.8.3</a> at Apr 2, 2021 1:22:45 AM</p>
</div>
</div>
</body>
</html>
