<?xml version="1.0" encoding="UTF-8"?><testsuite errors="0" failures="3" name="Validar endpoint de fotos por almbum" skipped="0" tests="8" time="7.34" timestamp="2021-04-04 11:23:05"><testcase name="consultar fotos de los correctmante con &lt;nombreEscenario&gt;"/><testcase name="consultar fotos de un album que no existe con &lt;nombreEscenario&gt;"><failure message="1 expectation failed.&#10;Expected status code &lt;404&gt; but was &lt;200&gt;.&#10;" type="java.lang.AssertionError">1 expectation failed.
Expected status code &lt;404&gt; but was &lt;200&gt;.
</failure><system-err>1 expectation failed.
Expected status code &lt;404&gt; but was &lt;200&gt;.
&#13;
com.prueba.stepdefinitions.ComunStepDefinition.elServicioDebeRetornarUnCodigoInvalido(ComunStepDefinition.java:66)&#13;
✽.el servicio debe retornar un codigo invalido(file:///D:/wolox/src/test/resources/com/prueba/features/listadoFotosAlbum.feature:28)&#13;
</system-err></testcase><testcase name="validar el esquema de la respuesta del servicio"/><testcase name="Validar token incorrecto"/><testcase name="valdiar squema de error"><failure message="1 expectation failed.&#10;Response body doesn't match expectation.&#10;Expected: The content to match the given JSON schema.&#10;warning: the following keywords are unknown and will be ignored: [$id, examples]&#10;    level: &quot;warning&quot;&#10;    schema: {&quot;loadingURI&quot;:&quot;file:/D:/wolox/build/resources/test/errorSchema.json#&quot;,&quot;pointer&quot;:&quot;&quot;}&#10;    domain: &quot;syntax&quot;&#10;    ignored: [&quot;$id&quot;,&quot;examples&quot;]&#10;warning: the following keywords are unknown and will be ignored: [$id, examples]&#10;    level: &quot;warning&quot;&#10;    schema: {&quot;loadingURI&quot;:&quot;file:/D:/wolox/build/resources/test/errorSchema.json#&quot;,&quot;pointer&quot;:&quot;/properties/errors&quot;}&#10;    domain: &quot;syntax&quot;&#10;    ignored: [&quot;$id&quot;,&quot;examples&quot;]&#10;warning: the following keywords are unknown and will be ignored: [$id]&#10;    level: &quot;warning&quot;&#10;    schema: {&quot;loadingURI&quot;:&quot;file:/D:/wolox/build/resources/test/errorSchema.json#&quot;,&quot;pointer&quot;:&quot;/properties/errors/items&quot;}&#10;    domain: &quot;syntax&quot;&#10;    ignored: [&quot;$id&quot;]&#10;warning: the following keywords are unknown and will be ignored: [$id, examples]&#10;    level: &quot;warning&quot;&#10;    schema: {&quot;loadingURI&quot;:&quot;file:/D:/wolox/build/resources/test/errorSchema.json#&quot;,&quot;pointer&quot;:&quot;/properties/errors/items/anyOf/0&quot;}&#10;    domain: &quot;syntax&quot;&#10;    ignored: [&quot;$id&quot;,&quot;examples&quot;]&#10;warning: the following keywords are unknown and will be ignored: [$id, examples]&#10;    level: &quot;warning&quot;&#10;    schema: {&quot;loadingURI&quot;:&quot;file:/D:/wolox/build/resources/test/errorSchema.json#&quot;,&quot;pointer&quot;:&quot;/properties/errors/items/anyOf/0/properties/code&quot;}&#10;    domain: &quot;syntax&quot;&#10;    ignored: [&quot;$id&quot;,&quot;examples&quot;]&#10;warning: the following keywords are unknown and will be ignored: [$id, examples]&#10;    level: &quot;warning&quot;&#10;    schema: {&quot;loadingURI&quot;:&quot;file:/D:/wolox/build/resources/test/errorSchema.json#&quot;,&quot;pointer&quot;:&quot;/properties/errors/items/anyOf/0/properties/message&quot;}&#10;    domain: &quot;syntax&quot;&#10;    ignored: [&quot;$id&quot;,&quot;examples&quot;]&#10;warning: the following keywords are unknown and will be ignored: [$id, examples]&#10;    level: &quot;warning&quot;&#10;    schema: {&quot;loadingURI&quot;:&quot;file:/D:/wolox/build/resources/test/errorSchema.json#&quot;,&quot;pointer&quot;:&quot;/properties/origin&quot;}&#10;    domain: &quot;syntax&quot;&#10;    ignored: [&quot;$id&quot;,&quot;examples&quot;]&#10;warning: the following keywords are unknown and will be ignored: [$id, examples]&#10;    level: &quot;warning&quot;&#10;    schema: {&quot;loadingURI&quot;:&quot;file:/D:/wolox/build/resources/test/errorSchema.json#&quot;,&quot;pointer&quot;:&quot;/properties/stack_trace&quot;}&#10;    domain: &quot;syntax&quot;&#10;    ignored: [&quot;$id&quot;,&quot;examples&quot;]&#10;warning: the following keywords are unknown and will be ignored: [$id, examples]&#10;    level: &quot;warning&quot;&#10;    schema: {&quot;loadingURI&quot;:&quot;file:/D:/wolox/build/resources/test/errorSchema.json#&quot;,&quot;pointer&quot;:&quot;/properties/timestamp&quot;}&#10;    domain: &quot;syntax&quot;&#10;    ignored: [&quot;$id&quot;,&quot;examples&quot;]&#10;error: object has missing required properties ([&quot;origin&quot;,&quot;stack_trace&quot;])&#10;    level: &quot;error&quot;&#10;    schema: {&quot;loadingURI&quot;:&quot;file:/D:/wolox/build/resources/test/errorSchema.json#&quot;,&quot;pointer&quot;:&quot;&quot;}&#10;    instance: {&quot;pointer&quot;:&quot;&quot;}&#10;    domain: &quot;validation&quot;&#10;    keyword: &quot;required&quot;&#10;    required: [&quot;errors&quot;,&quot;origin&quot;,&quot;stack_trace&quot;,&quot;timestamp&quot;]&#10;    missing: [&quot;origin&quot;,&quot;stack_trace&quot;]&#10;&#10;  Actual: {&quot;errors&quot;:[{&quot;code&quot;:&quot;authentication_error&quot;,&quot;message&quot;:&quot;Invalid token&quot;}],&quot;timestamp&quot;:&quot;2021-04-05T04:23:11.777Z&quot;}&#10;" type="java.lang.AssertionError">1 expectation failed.
Response body doesn't match expectation.
Expected: The content to match the given JSON schema.
warning: the following keywords are unknown and will be ignored: [$id, examples]
    level: "warning"
    schema: {"loadingURI":"file:/D:/wolox/build/resources/test/errorSchema.json#","pointer":""}
    domain: "syntax"
    ignored: ["$id","examples"]
warning: the following keywords are unknown and will be ignored: [$id, examples]
    level: "warning"
    schema: {"loadingURI":"file:/D:/wolox/build/resources/test/errorSchema.json#","pointer":"/properties/errors"}
    domain: "syntax"
    ignored: ["$id","examples"]
warning: the following keywords are unknown and will be ignored: [$id]
    level: "warning"
    schema: {"loadingURI":"file:/D:/wolox/build/resources/test/errorSchema.json#","pointer":"/properties/errors/items"}
    domain: "syntax"
    ignored: ["$id"]
warning: the following keywords are unknown and will be ignored: [$id, examples]
    level: "warning"
    schema: {"loadingURI":"file:/D:/wolox/build/resources/test/errorSchema.json#","pointer":"/properties/errors/items/anyOf/0"}
    domain: "syntax"
    ignored: ["$id","examples"]
warning: the following keywords are unknown and will be ignored: [$id, examples]
    level: "warning"
    schema: {"loadingURI":"file:/D:/wolox/build/resources/test/errorSchema.json#","pointer":"/properties/errors/items/anyOf/0/properties/code"}
    domain: "syntax"
    ignored: ["$id","examples"]
warning: the following keywords are unknown and will be ignored: [$id, examples]
    level: "warning"
    schema: {"loadingURI":"file:/D:/wolox/build/resources/test/errorSchema.json#","pointer":"/properties/errors/items/anyOf/0/properties/message"}
    domain: "syntax"
    ignored: ["$id","examples"]
warning: the following keywords are unknown and will be ignored: [$id, examples]
    level: "warning"
    schema: {"loadingURI":"file:/D:/wolox/build/resources/test/errorSchema.json#","pointer":"/properties/origin"}
    domain: "syntax"
    ignored: ["$id","examples"]
warning: the following keywords are unknown and will be ignored: [$id, examples]
    level: "warning"
    schema: {"loadingURI":"file:/D:/wolox/build/resources/test/errorSchema.json#","pointer":"/properties/stack_trace"}
    domain: "syntax"
    ignored: ["$id","examples"]
warning: the following keywords are unknown and will be ignored: [$id, examples]
    level: "warning"
    schema: {"loadingURI":"file:/D:/wolox/build/resources/test/errorSchema.json#","pointer":"/properties/timestamp"}
    domain: "syntax"
    ignored: ["$id","examples"]
error: object has missing required properties (["origin","stack_trace"])
    level: "error"
    schema: {"loadingURI":"file:/D:/wolox/build/resources/test/errorSchema.json#","pointer":""}
    instance: {"pointer":""}
    domain: "validation"
    keyword: "required"
    required: ["errors","origin","stack_trace","timestamp"]
    missing: ["origin","stack_trace"]

  Actual: {"errors":[{"code":"authentication_error","message":"Invalid token"}],"timestamp":"2021-04-05T04:23:11.777Z"}
</failure><system-err>1 expectation failed.
Response body doesn't match expectation.
Expected: The content to match the given JSON schema.
warning: the following keywords are unknown and will be ignored: [$id, examples]
    level: "warning"
    schema: {"loadingURI":"file:/D:/wolox/build/resources/test/errorSchema.json#","pointer":""}
    domain: "syntax"
    ignored: ["$id","examples"]
warning: the following keywords are unknown and will be ignored: [$id, examples]
    level: "warning"
    schema: {"loadingURI":"file:/D:/wolox/build/resources/test/errorSchema.json#","pointer":"/properties/errors"}
    domain: "syntax"
    ignored: ["$id","examples"]
warning: the following keywords are unknown and will be ignored: [$id]
    level: "warning"
    schema: {"loadingURI":"file:/D:/wolox/build/resources/test/errorSchema.json#","pointer":"/properties/errors/items"}
    domain: "syntax"
    ignored: ["$id"]
warning: the following keywords are unknown and will be ignored: [$id, examples]
    level: "warning"
    schema: {"loadingURI":"file:/D:/wolox/build/resources/test/errorSchema.json#","pointer":"/properties/errors/items/anyOf/0"}
    domain: "syntax"
    ignored: ["$id","examples"]
warning: the following keywords are unknown and will be ignored: [$id, examples]
    level: "warning"
    schema: {"loadingURI":"file:/D:/wolox/build/resources/test/errorSchema.json#","pointer":"/properties/errors/items/anyOf/0/properties/code"}
    domain: "syntax"
    ignored: ["$id","examples"]
warning: the following keywords are unknown and will be ignored: [$id, examples]
    level: "warning"
    schema: {"loadingURI":"file:/D:/wolox/build/resources/test/errorSchema.json#","pointer":"/properties/errors/items/anyOf/0/properties/message"}
    domain: "syntax"
    ignored: ["$id","examples"]
warning: the following keywords are unknown and will be ignored: [$id, examples]
    level: "warning"
    schema: {"loadingURI":"file:/D:/wolox/build/resources/test/errorSchema.json#","pointer":"/properties/origin"}
    domain: "syntax"
    ignored: ["$id","examples"]
warning: the following keywords are unknown and will be ignored: [$id, examples]
    level: "warning"
    schema: {"loadingURI":"file:/D:/wolox/build/resources/test/errorSchema.json#","pointer":"/properties/stack_trace"}
    domain: "syntax"
    ignored: ["$id","examples"]
warning: the following keywords are unknown and will be ignored: [$id, examples]
    level: "warning"
    schema: {"loadingURI":"file:/D:/wolox/build/resources/test/errorSchema.json#","pointer":"/properties/timestamp"}
    domain: "syntax"
    ignored: ["$id","examples"]
error: object has missing required properties (["origin","stack_trace"])
    level: "error"
    schema: {"loadingURI":"file:/D:/wolox/build/resources/test/errorSchema.json#","pointer":""}
    instance: {"pointer":""}
    domain: "validation"
    keyword: "required"
    required: ["errors","origin","stack_trace","timestamp"]
    missing: ["origin","stack_trace"]

  Actual: {"errors":[{"code":"authentication_error","message":"Invalid token"}],"timestamp":"2021-04-05T04:23:11.777Z"}
&#13;
com.prueba.stepdefinitions.ComunStepDefinition.validoElEsquemaDelResponseConElEsquemaEsquema(ComunStepDefinition.java:36)&#13;
✽.valido el esquema del response con el esquema "errorSchema.json"(file:///D:/wolox/src/test/resources/com/prueba/features/listadoFotosAlbum.feature:57)&#13;
</system-err></testcase></testsuite>